[ 2016-03-15T10:16:18+08:00 ] ::1 /ec_website/index.php/Shop/Goods/index/goods_id/1
INFO: [ app_init ] --START--
INFO: Run Behavior\BuildLiteBehavior [ RunTime:0.000000s ]
INFO: [ app_init ] --END-- [ RunTime:0.002001s ]
INFO: [ app_begin ] --START--
INFO: Run Behavior\ReadHtmlCacheBehavior [ RunTime:0.001000s ]
INFO: [ app_begin ] --END-- [ RunTime:0.001000s ]
NOTIC: [8] A session had already been started - ignoring session_start() D:\wamp\www\ec_website\ThinkPHP\Common\functions.php 第 1263 行.
SQL: SHOW COLUMNS FROM `ec_goods_class` [ RunTime:0.0080s ]
SQL: SELECT * FROM `ec_goods_class` WHERE ( gc_parent_id=0 )  [ RunTime:0.0020s ]
SQL: SHOW COLUMNS FROM `ec_goods_class` [ RunTime:0.0030s ]
SQL: SELECT * FROM `ec_goods_class` WHERE `gc_parent_id` = '1'  [ RunTime:0.0010s ]
SQL: SHOW COLUMNS FROM `ec_goods_class` [ RunTime:0.0020s ]
SQL: SELECT * FROM `ec_goods_class` WHERE `gc_parent_id` = '3'  [ RunTime:0.0010s ]
SQL: SHOW COLUMNS FROM `ec_goods_class` [ RunTime:0.0030s ]
SQL: SELECT * FROM `ec_goods_class` WHERE `gc_parent_id` = '4'  [ RunTime:0.0000s ]
SQL: SHOW COLUMNS FROM `ec_goods_class` [ RunTime:0.0020s ]
SQL: SELECT * FROM `ec_goods_class` WHERE `gc_parent_id` = '2'  [ RunTime:0.0010s ]
SQL: SHOW COLUMNS FROM `ec_goods_class` [ RunTime:0.0020s ]
SQL: SELECT * FROM `ec_goods_class` WHERE `gc_parent_id` = '5'  [ RunTime:0.0010s ]
SQL: SHOW COLUMNS FROM `ec_goods_class` [ RunTime:0.0020s ]
SQL: SELECT * FROM `ec_goods_class` WHERE `gc_parent_id` = '6'  [ RunTime:0.0000s ]
SQL: SHOW COLUMNS FROM `ec_goods` [ RunTime:0.0040s ]
SQL: SELECT * FROM `ec_goods` WHERE `goods_id` = 1  [ RunTime:0.0010s ]
SQL: SHOW COLUMNS FROM `ec_discount` [ RunTime:0.0040s ]
SQL: SELECT * FROM `ec_discount` WHERE `start_time` < 1458008178 AND `end_time` > 1458008178 AND `status` = '1'  [ RunTime:0.0010s ]
NOTIC: [8] Undefined variable: pic_url D:\wamp\www\ec_website\Application\Common\Common\function.php 第 48 行.
NOTIC: [8] Undefined variable: pic_url D:\wamp\www\ec_website\Application\Common\Common\function.php 第 48 行.
SQL: SHOW COLUMNS FROM `ec_goods` [ RunTime:0.0020s ]
SQL: SELECT `gc_id` FROM `ec_goods` WHERE `goods_id` = 1  [ RunTime:0.0000s ]
SQL: SHOW COLUMNS FROM `ec_goods_class` [ RunTime:0.0030s ]
SQL: SELECT * FROM `ec_goods_class` WHERE ( gc_id=7 )  [ RunTime:0.0000s ]
SQL: SHOW COLUMNS FROM `ec_goods_class` [ RunTime:0.0030s ]
SQL: SELECT `gc_parent_id` FROM `ec_goods_class` WHERE ( gc_id=7 )  [ RunTime:0.0000s ]
NOTIC: [2] Missing argument 1 for Think\Model::field(), called in D:\wamp\www\ec_website\Application\Common\Model\GoodsClassModel.class.php on line 68 and defined D:\wamp\www\ec_website\ThinkPHP\Library\Think\Model.class.php 第 1740 行.
NOTIC: [8] Undefined variable: field D:\wamp\www\ec_website\ThinkPHP\Library\Think\Model.class.php 第 1741 行.
NOTIC: [8] Undefined variable: field D:\wamp\www\ec_website\ThinkPHP\Library\Think\Model.class.php 第 1751 行.
SQL: SHOW COLUMNS FROM `ec_goods_class` [ RunTime:0.0020s ]
SQL: SELECT * FROM `ec_goods_class` WHERE ( gc_id=3 )  [ RunTime:0.0010s ]
SQL: SHOW COLUMNS FROM `ec_goods_class` [ RunTime:0.0020s ]
SQL: SELECT `gc_parent_id` FROM `ec_goods_class` WHERE ( gc_id=3 )  [ RunTime:0.0010s ]
NOTIC: [2] Missing argument 1 for Think\Model::field(), called in D:\wamp\www\ec_website\Application\Common\Model\GoodsClassModel.class.php on line 68 and defined D:\wamp\www\ec_website\ThinkPHP\Library\Think\Model.class.php 第 1740 行.
NOTIC: [8] Undefined variable: field D:\wamp\www\ec_website\ThinkPHP\Library\Think\Model.class.php 第 1741 行.
NOTIC: [8] Undefined variable: field D:\wamp\www\ec_website\ThinkPHP\Library\Think\Model.class.php 第 1751 行.
SQL: SHOW COLUMNS FROM `ec_goods_class` [ RunTime:0.0020s ]
SQL: SELECT * FROM `ec_goods_class` WHERE ( gc_id=1 )  [ RunTime:0.0000s ]
INFO: [ view_parse ] --START--
INFO: [ template_filter ] --START--
INFO: Run Behavior\ContentReplaceBehavior [ RunTime:0.001000s ]
INFO: [ template_filter ] --END-- [ RunTime:0.001000s ]
NOTIC: [8] Use of undefined constant gc_id - assumed 'gc_id' D:\wamp\www\ec_website\Application\Runtime\Cache\Shop\0f4f888bddbf74c8c370ab728682c0d9.php 第 113 行.
NOTIC: [8] Use of undefined constant gc_name - assumed 'gc_name' D:\wamp\www\ec_website\Application\Runtime\Cache\Shop\0f4f888bddbf74c8c370ab728682c0d9.php 第 113 行.
NOTIC: [8] Use of undefined constant gc_id - assumed 'gc_id' D:\wamp\www\ec_website\Application\Runtime\Cache\Shop\0f4f888bddbf74c8c370ab728682c0d9.php 第 113 行.
NOTIC: [8] Use of undefined constant gc_name - assumed 'gc_name' D:\wamp\www\ec_website\Application\Runtime\Cache\Shop\0f4f888bddbf74c8c370ab728682c0d9.php 第 113 行.
NOTIC: [8] Use of undefined constant gc_id - assumed 'gc_id' D:\wamp\www\ec_website\Application\Runtime\Cache\Shop\0f4f888bddbf74c8c370ab728682c0d9.php 第 117 行.
NOTIC: [8] Use of undefined constant class2 - assumed 'class2' D:\wamp\www\ec_website\Application\Runtime\Cache\Shop\0f4f888bddbf74c8c370ab728682c0d9.php 第 118 行.
NOTIC: [8] Use of undefined constant class2 - assumed 'class2' D:\wamp\www\ec_website\Application\Runtime\Cache\Shop\0f4f888bddbf74c8c370ab728682c0d9.php 第 118 行.
NOTIC: [8] Use of undefined constant gc_name - assumed 'gc_name' D:\wamp\www\ec_website\Application\Runtime\Cache\Shop\0f4f888bddbf74c8c370ab728682c0d9.php 第 119 行.
NOTIC: [8] Use of undefined constant class3 - assumed 'class3' D:\wamp\www\ec_website\Application\Runtime\Cache\Shop\0f4f888bddbf74c8c370ab728682c0d9.php 第 122 行.
NOTIC: [8] Use of undefined constant class3 - assumed 'class3' D:\wamp\www\ec_website\Application\Runtime\Cache\Shop\0f4f888bddbf74c8c370ab728682c0d9.php 第 122 行.
NOTIC: [8] Use of undefined constant gc_name - assumed 'gc_name' D:\wamp\www\ec_website\Application\Runtime\Cache\Shop\0f4f888bddbf74c8c370ab728682c0d9.php 第 122 行.
NOTIC: [8] Use of undefined constant gc_name - assumed 'gc_name' D:\wamp\www\ec_website\Application\Runtime\Cache\Shop\0f4f888bddbf74c8c370ab728682c0d9.php 第 122 行.
NOTIC: [8] Use of undefined constant gc_name - assumed 'gc_name' D:\wamp\www\ec_website\Application\Runtime\Cache\Shop\0f4f888bddbf74c8c370ab728682c0d9.php 第 119 行.
NOTIC: [8] Use of undefined constant class3 - assumed 'class3' D:\wamp\www\ec_website\Application\Runtime\Cache\Shop\0f4f888bddbf74c8c370ab728682c0d9.php 第 122 行.
NOTIC: [8] Use of undefined constant class3 - assumed 'class3' D:\wamp\www\ec_website\Application\Runtime\Cache\Shop\0f4f888bddbf74c8c370ab728682c0d9.php 第 122 行.
NOTIC: [8] Use of undefined constant gc_name - assumed 'gc_name' D:\wamp\www\ec_website\Application\Runtime\Cache\Shop\0f4f888bddbf74c8c370ab728682c0d9.php 第 122 行.
NOTIC: [8] Use of undefined constant gc_name - assumed 'gc_name' D:\wamp\www\ec_website\Application\Runtime\Cache\Shop\0f4f888bddbf74c8c370ab728682c0d9.php 第 122 行.
NOTIC: [8] Use of undefined constant gc_id - assumed 'gc_id' D:\wamp\www\ec_website\Application\Runtime\Cache\Shop\0f4f888bddbf74c8c370ab728682c0d9.php 第 117 行.
NOTIC: [8] Use of undefined constant class2 - assumed 'class2' D:\wamp\www\ec_website\Application\Runtime\Cache\Shop\0f4f888bddbf74c8c370ab728682c0d9.php 第 118 行.
NOTIC: [8] Use of undefined constant class2 - assumed 'class2' D:\wamp\www\ec_website\Application\Runtime\Cache\Shop\0f4f888bddbf74c8c370ab728682c0d9.php 第 118 行.
NOTIC: [8] Use of undefined constant gc_name - assumed 'gc_name' D:\wamp\www\ec_website\Application\Runtime\Cache\Shop\0f4f888bddbf74c8c370ab728682c0d9.php 第 119 行.
NOTIC: [8] Use of undefined constant class3 - assumed 'class3' D:\wamp\www\ec_website\Application\Runtime\Cache\Shop\0f4f888bddbf74c8c370ab728682c0d9.php 第 122 行.
NOTIC: [8] Use of undefined constant class3 - assumed 'class3' D:\wamp\www\ec_website\Application\Runtime\Cache\Shop\0f4f888bddbf74c8c370ab728682c0d9.php 第 122 行.
NOTIC: [8] Use of undefined constant gc_name - assumed 'gc_name' D:\wamp\www\ec_website\Application\Runtime\Cache\Shop\0f4f888bddbf74c8c370ab728682c0d9.php 第 122 行.
NOTIC: [8] Use of undefined constant gc_name - assumed 'gc_name' D:\wamp\www\ec_website\Application\Runtime\Cache\Shop\0f4f888bddbf74c8c370ab728682c0d9.php 第 122 行.
NOTIC: [8] Use of undefined constant gc_name - assumed 'gc_name' D:\wamp\www\ec_website\Application\Runtime\Cache\Shop\0f4f888bddbf74c8c370ab728682c0d9.php 第 119 行.
NOTIC: [8] Use of undefined constant class3 - assumed 'class3' D:\wamp\www\ec_website\Application\Runtime\Cache\Shop\0f4f888bddbf74c8c370ab728682c0d9.php 第 122 行.
NOTIC: [8] Use of undefined constant class3 - assumed 'class3' D:\wamp\www\ec_website\Application\Runtime\Cache\Shop\0f4f888bddbf74c8c370ab728682c0d9.php 第 122 行.
NOTIC: [8] Use of undefined constant gc_name - assumed 'gc_name' D:\wamp\www\ec_website\Application\Runtime\Cache\Shop\0f4f888bddbf74c8c370ab728682c0d9.php 第 122 行.
NOTIC: [8] Use of undefined constant gc_name - assumed 'gc_name' D:\wamp\www\ec_website\Application\Runtime\Cache\Shop\0f4f888bddbf74c8c370ab728682c0d9.php 第 122 行.
INFO: Run Behavior\ParseTemplateBehavior [ RunTime:0.025001s ]
INFO: [ view_parse ] --END-- [ RunTime:0.027001s ]
INFO: [ view_filter ] --START--
INFO: Run Behavior\WriteHtmlCacheBehavior [ RunTime:0.000000s ]
INFO: [ view_filter ] --END-- [ RunTime:0.000000s ]
INFO: [ app_end ] --START--
INFO: Run Behavior\ShowPageTraceBehavior [ RunTime:0.001001s ]
INFO: [ app_end ] --END-- [ RunTime:0.001001s ]

[ 2016-03-15T10:19:08+08:00 ] ::1 /ec_website/index.php/Shop/Search
INFO: [ app_init ] --START--
INFO: Run Behavior\BuildLiteBehavior [ RunTime:0.000000s ]
INFO: [ app_init ] --END-- [ RunTime:0.001000s ]
INFO: [ app_begin ] --START--
INFO: Run Behavior\ReadHtmlCacheBehavior [ RunTime:0.001000s ]
INFO: [ app_begin ] --END-- [ RunTime:0.001000s ]
NOTIC: [8] A session had already been started - ignoring session_start() D:\wamp\www\ec_website\ThinkPHP\Common\functions.php 第 1263 行.
SQL: SHOW COLUMNS FROM `ec_goods_class` [ RunTime:0.0020s ]
SQL: SELECT * FROM `ec_goods_class` WHERE ( gc_parent_id=0 )  [ RunTime:0.0000s ]
SQL: SHOW COLUMNS FROM `ec_goods_class` [ RunTime:0.0020s ]
SQL: SELECT * FROM `ec_goods_class` WHERE `gc_parent_id` = '1'  [ RunTime:0.0000s ]
SQL: SHOW COLUMNS FROM `ec_goods_class` [ RunTime:0.0030s ]
SQL: SELECT * FROM `ec_goods_class` WHERE `gc_parent_id` = '3'  [ RunTime:0.0000s ]
SQL: SHOW COLUMNS FROM `ec_goods_class` [ RunTime:0.0020s ]
SQL: SELECT * FROM `ec_goods_class` WHERE `gc_parent_id` = '4'  [ RunTime:0.0000s ]
SQL: SHOW COLUMNS FROM `ec_goods_class` [ RunTime:0.0020s ]
SQL: SELECT * FROM `ec_goods_class` WHERE `gc_parent_id` = '2'  [ RunTime:0.0000s ]
SQL: SHOW COLUMNS FROM `ec_goods_class` [ RunTime:0.0020s ]
SQL: SELECT * FROM `ec_goods_class` WHERE `gc_parent_id` = '5'  [ RunTime:0.0010s ]
SQL: SHOW COLUMNS FROM `ec_goods_class` [ RunTime:0.0020s ]
SQL: SELECT * FROM `ec_goods_class` WHERE `gc_parent_id` = '6'  [ RunTime:0.0000s ]
SQL: SHOW COLUMNS FROM `ec_goods` [ RunTime:0.0020s ]
SQL: SELECT * FROM `ec_goods` LIMIT 250   [ RunTime:0.0010s ]
INFO: [ view_parse ] --START--
INFO: [ template_filter ] --START--
INFO: Run Behavior\ContentReplaceBehavior [ RunTime:0.000000s ]
INFO: [ template_filter ] --END-- [ RunTime:0.001000s ]
NOTIC: [8] Use of undefined constant gc_id - assumed 'gc_id' D:\wamp\www\ec_website\Application\Runtime\Cache\Shop\e6164b8df6840138d65f8460a279915f.php 第 113 行.
NOTIC: [8] Use of undefined constant gc_name - assumed 'gc_name' D:\wamp\www\ec_website\Application\Runtime\Cache\Shop\e6164b8df6840138d65f8460a279915f.php 第 113 行.
NOTIC: [8] Use of undefined constant gc_id - assumed 'gc_id' D:\wamp\www\ec_website\Application\Runtime\Cache\Shop\e6164b8df6840138d65f8460a279915f.php 第 113 行.
NOTIC: [8] Use of undefined constant gc_name - assumed 'gc_name' D:\wamp\www\ec_website\Application\Runtime\Cache\Shop\e6164b8df6840138d65f8460a279915f.php 第 113 行.
NOTIC: [8] Use of undefined constant gc_id - assumed 'gc_id' D:\wamp\www\ec_website\Application\Runtime\Cache\Shop\e6164b8df6840138d65f8460a279915f.php 第 117 行.
NOTIC: [8] Use of undefined constant class2 - assumed 'class2' D:\wamp\www\ec_website\Application\Runtime\Cache\Shop\e6164b8df6840138d65f8460a279915f.php 第 118 行.
NOTIC: [8] Use of undefined constant class2 - assumed 'class2' D:\wamp\www\ec_website\Application\Runtime\Cache\Shop\e6164b8df6840138d65f8460a279915f.php 第 118 行.
NOTIC: [8] Use of undefined constant gc_name - assumed 'gc_name' D:\wamp\www\ec_website\Application\Runtime\Cache\Shop\e6164b8df6840138d65f8460a279915f.php 第 119 行.
NOTIC: [8] Use of undefined constant class3 - assumed 'class3' D:\wamp\www\ec_website\Application\Runtime\Cache\Shop\e6164b8df6840138d65f8460a279915f.php 第 122 行.
NOTIC: [8] Use of undefined constant class3 - assumed 'class3' D:\wamp\www\ec_website\Application\Runtime\Cache\Shop\e6164b8df6840138d65f8460a279915f.php 第 122 行.
NOTIC: [8] Use of undefined constant gc_name - assumed 'gc_name' D:\wamp\www\ec_website\Application\Runtime\Cache\Shop\e6164b8df6840138d65f8460a279915f.php 第 122 行.
NOTIC: [8] Use of undefined constant gc_name - assumed 'gc_name' D:\wamp\www\ec_website\Application\Runtime\Cache\Shop\e6164b8df6840138d65f8460a279915f.php 第 122 行.
NOTIC: [8] Use of undefined constant gc_name - assumed 'gc_name' D:\wamp\www\ec_website\Application\Runtime\Cache\Shop\e6164b8df6840138d65f8460a279915f.php 第 119 行.
NOTIC: [8] Use of undefined constant class3 - assumed 'class3' D:\wamp\www\ec_website\Application\Runtime\Cache\Shop\e6164b8df6840138d65f8460a279915f.php 第 122 行.
NOTIC: [8] Use of undefined constant class3 - assumed 'class3' D:\wamp\www\ec_website\Application\Runtime\Cache\Shop\e6164b8df6840138d65f8460a279915f.php 第 122 行.
NOTIC: [8] Use of undefined constant gc_name - assumed 'gc_name' D:\wamp\www\ec_website\Application\Runtime\Cache\Shop\e6164b8df6840138d65f8460a279915f.php 第 122 行.
NOTIC: [8] Use of undefined constant gc_name - assumed 'gc_name' D:\wamp\www\ec_website\Application\Runtime\Cache\Shop\e6164b8df6840138d65f8460a279915f.php 第 122 行.
NOTIC: [8] Use of undefined constant gc_id - assumed 'gc_id' D:\wamp\www\ec_website\Application\Runtime\Cache\Shop\e6164b8df6840138d65f8460a279915f.php 第 117 行.
NOTIC: [8] Use of undefined constant class2 - assumed 'class2' D:\wamp\www\ec_website\Application\Runtime\Cache\Shop\e6164b8df6840138d65f8460a279915f.php 第 118 行.
NOTIC: [8] Use of undefined constant class2 - assumed 'class2' D:\wamp\www\ec_website\Application\Runtime\Cache\Shop\e6164b8df6840138d65f8460a279915f.php 第 118 行.
NOTIC: [8] Use of undefined constant gc_name - assumed 'gc_name' D:\wamp\www\ec_website\Application\Runtime\Cache\Shop\e6164b8df6840138d65f8460a279915f.php 第 119 行.
NOTIC: [8] Use of undefined constant class3 - assumed 'class3' D:\wamp\www\ec_website\Application\Runtime\Cache\Shop\e6164b8df6840138d65f8460a279915f.php 第 122 行.
NOTIC: [8] Use of undefined constant class3 - assumed 'class3' D:\wamp\www\ec_website\Application\Runtime\Cache\Shop\e6164b8df6840138d65f8460a279915f.php 第 122 行.
NOTIC: [8] Use of undefined constant gc_name - assumed 'gc_name' D:\wamp\www\ec_website\Application\Runtime\Cache\Shop\e6164b8df6840138d65f8460a279915f.php 第 122 行.
NOTIC: [8] Use of undefined constant gc_name - assumed 'gc_name' D:\wamp\www\ec_website\Application\Runtime\Cache\Shop\e6164b8df6840138d65f8460a279915f.php 第 122 行.
NOTIC: [8] Use of undefined constant gc_name - assumed 'gc_name' D:\wamp\www\ec_website\Application\Runtime\Cache\Shop\e6164b8df6840138d65f8460a279915f.php 第 119 行.
NOTIC: [8] Use of undefined constant class3 - assumed 'class3' D:\wamp\www\ec_website\Application\Runtime\Cache\Shop\e6164b8df6840138d65f8460a279915f.php 第 122 行.
NOTIC: [8] Use of undefined constant class3 - assumed 'class3' D:\wamp\www\ec_website\Application\Runtime\Cache\Shop\e6164b8df6840138d65f8460a279915f.php 第 122 行.
NOTIC: [8] Use of undefined constant gc_name - assumed 'gc_name' D:\wamp\www\ec_website\Application\Runtime\Cache\Shop\e6164b8df6840138d65f8460a279915f.php 第 122 行.
NOTIC: [8] Use of undefined constant gc_name - assumed 'gc_name' D:\wamp\www\ec_website\Application\Runtime\Cache\Shop\e6164b8df6840138d65f8460a279915f.php 第 122 行.
NOTIC: [8] Undefined variable: class_info D:\wamp\www\ec_website\Application\Runtime\Cache\Shop\e6164b8df6840138d65f8460a279915f.php 第 187 行.
NOTIC: [8] Undefined variable: choose_info D:\wamp\www\ec_website\Application\Runtime\Cache\Shop\e6164b8df6840138d65f8460a279915f.php 第 189 行.
INFO: Run Behavior\ParseTemplateBehavior [ RunTime:0.018001s ]
INFO: [ view_parse ] --END-- [ RunTime:0.018001s ]
INFO: [ view_filter ] --START--
INFO: Run Behavior\WriteHtmlCacheBehavior [ RunTime:0.001000s ]
INFO: [ view_filter ] --END-- [ RunTime:0.001000s ]
INFO: [ app_end ] --START--
INFO: Run Behavior\ShowPageTraceBehavior [ RunTime:0.001000s ]
INFO: [ app_end ] --END-- [ RunTime:0.001000s ]

[ 2016-03-15T10:25:36+08:00 ] ::1 /ec_website/index.php/Shop/Search
INFO: [ app_init ] --START--
INFO: Run Behavior\BuildLiteBehavior [ RunTime:0.000000s ]
INFO: [ app_init ] --END-- [ RunTime:0.001000s ]
INFO: [ app_begin ] --START--
INFO: Run Behavior\ReadHtmlCacheBehavior [ RunTime:0.001000s ]
INFO: [ app_begin ] --END-- [ RunTime:0.001000s ]
NOTIC: [8] A session had already been started - ignoring session_start() D:\wamp\www\ec_website\ThinkPHP\Common\functions.php 第 1263 行.
SQL: SHOW COLUMNS FROM `ec_goods_class` [ RunTime:0.0030s ]
SQL: SELECT * FROM `ec_goods_class` WHERE ( gc_parent_id=0 )  [ RunTime:0.0000s ]
SQL: SHOW COLUMNS FROM `ec_goods_class` [ RunTime:0.0020s ]
SQL: SELECT * FROM `ec_goods_class` WHERE `gc_parent_id` = '1'  [ RunTime:0.0010s ]
SQL: SHOW COLUMNS FROM `ec_goods_class` [ RunTime:0.0020s ]
SQL: SELECT * FROM `ec_goods_class` WHERE `gc_parent_id` = '3'  [ RunTime:0.0000s ]
SQL: SHOW COLUMNS FROM `ec_goods_class` [ RunTime:0.0030s ]
SQL: SELECT * FROM `ec_goods_class` WHERE `gc_parent_id` = '4'  [ RunTime:0.0000s ]
SQL: SHOW COLUMNS FROM `ec_goods_class` [ RunTime:0.0030s ]
SQL: SELECT * FROM `ec_goods_class` WHERE `gc_parent_id` = '2'  [ RunTime:0.0000s ]
SQL: SHOW COLUMNS FROM `ec_goods_class` [ RunTime:0.0030s ]
SQL: SELECT * FROM `ec_goods_class` WHERE `gc_parent_id` = '5'  [ RunTime:0.0000s ]
SQL: SHOW COLUMNS FROM `ec_goods_class` [ RunTime:0.0030s ]
SQL: SELECT * FROM `ec_goods_class` WHERE `gc_parent_id` = '6'  [ RunTime:0.0010s ]
SQL: SHOW COLUMNS FROM `ec_goods` [ RunTime:0.0020s ]
SQL: SELECT * FROM `ec_goods` LIMIT 250   [ RunTime:0.0000s ]
INFO: [ view_parse ] --START--
INFO: [ template_filter ] --START--
INFO: Run Behavior\ContentReplaceBehavior [ RunTime:0.000000s ]
INFO: [ template_filter ] --END-- [ RunTime:0.001001s ]
NOTIC: [8] Use of undefined constant gc_id - assumed 'gc_id' D:\wamp\www\ec_website\Application\Runtime\Cache\Shop\e6164b8df6840138d65f8460a279915f.php 第 113 行.
NOTIC: [8] Use of undefined constant gc_name - assumed 'gc_name' D:\wamp\www\ec_website\Application\Runtime\Cache\Shop\e6164b8df6840138d65f8460a279915f.php 第 113 行.
NOTIC: [8] Use of undefined constant gc_id - assumed 'gc_id' D:\wamp\www\ec_website\Application\Runtime\Cache\Shop\e6164b8df6840138d65f8460a279915f.php 第 113 行.
NOTIC: [8] Use of undefined constant gc_name - assumed 'gc_name' D:\wamp\www\ec_website\Application\Runtime\Cache\Shop\e6164b8df6840138d65f8460a279915f.php 第 113 行.
NOTIC: [8] Use of undefined constant gc_id - assumed 'gc_id' D:\wamp\www\ec_website\Application\Runtime\Cache\Shop\e6164b8df6840138d65f8460a279915f.php 第 117 行.
NOTIC: [8] Use of undefined constant class2 - assumed 'class2' D:\wamp\www\ec_website\Application\Runtime\Cache\Shop\e6164b8df6840138d65f8460a279915f.php 第 118 行.
NOTIC: [8] Use of undefined constant class2 - assumed 'class2' D:\wamp\www\ec_website\Application\Runtime\Cache\Shop\e6164b8df6840138d65f8460a279915f.php 第 118 行.
NOTIC: [8] Use of undefined constant gc_name - assumed 'gc_name' D:\wamp\www\ec_website\Application\Runtime\Cache\Shop\e6164b8df6840138d65f8460a279915f.php 第 119 行.
NOTIC: [8] Use of undefined constant class3 - assumed 'class3' D:\wamp\www\ec_website\Application\Runtime\Cache\Shop\e6164b8df6840138d65f8460a279915f.php 第 122 行.
NOTIC: [8] Use of undefined constant class3 - assumed 'class3' D:\wamp\www\ec_website\Application\Runtime\Cache\Shop\e6164b8df6840138d65f8460a279915f.php 第 122 行.
NOTIC: [8] Use of undefined constant gc_name - assumed 'gc_name' D:\wamp\www\ec_website\Application\Runtime\Cache\Shop\e6164b8df6840138d65f8460a279915f.php 第 122 行.
NOTIC: [8] Use of undefined constant gc_name - assumed 'gc_name' D:\wamp\www\ec_website\Application\Runtime\Cache\Shop\e6164b8df6840138d65f8460a279915f.php 第 122 行.
NOTIC: [8] Use of undefined constant gc_name - assumed 'gc_name' D:\wamp\www\ec_website\Application\Runtime\Cache\Shop\e6164b8df6840138d65f8460a279915f.php 第 119 行.
NOTIC: [8] Use of undefined constant class3 - assumed 'class3' D:\wamp\www\ec_website\Application\Runtime\Cache\Shop\e6164b8df6840138d65f8460a279915f.php 第 122 行.
NOTIC: [8] Use of undefined constant class3 - assumed 'class3' D:\wamp\www\ec_website\Application\Runtime\Cache\Shop\e6164b8df6840138d65f8460a279915f.php 第 122 行.
NOTIC: [8] Use of undefined constant gc_name - assumed 'gc_name' D:\wamp\www\ec_website\Application\Runtime\Cache\Shop\e6164b8df6840138d65f8460a279915f.php 第 122 行.
NOTIC: [8] Use of undefined constant gc_name - assumed 'gc_name' D:\wamp\www\ec_website\Application\Runtime\Cache\Shop\e6164b8df6840138d65f8460a279915f.php 第 122 行.
NOTIC: [8] Use of undefined constant gc_id - assumed 'gc_id' D:\wamp\www\ec_website\Application\Runtime\Cache\Shop\e6164b8df6840138d65f8460a279915f.php 第 117 行.
NOTIC: [8] Use of undefined constant class2 - assumed 'class2' D:\wamp\www\ec_website\Application\Runtime\Cache\Shop\e6164b8df6840138d65f8460a279915f.php 第 118 行.
NOTIC: [8] Use of undefined constant class2 - assumed 'class2' D:\wamp\www\ec_website\Application\Runtime\Cache\Shop\e6164b8df6840138d65f8460a279915f.php 第 118 行.
NOTIC: [8] Use of undefined constant gc_name - assumed 'gc_name' D:\wamp\www\ec_website\Application\Runtime\Cache\Shop\e6164b8df6840138d65f8460a279915f.php 第 119 行.
NOTIC: [8] Use of undefined constant class3 - assumed 'class3' D:\wamp\www\ec_website\Application\Runtime\Cache\Shop\e6164b8df6840138d65f8460a279915f.php 第 122 行.
NOTIC: [8] Use of undefined constant class3 - assumed 'class3' D:\wamp\www\ec_website\Application\Runtime\Cache\Shop\e6164b8df6840138d65f8460a279915f.php 第 122 行.
NOTIC: [8] Use of undefined constant gc_name - assumed 'gc_name' D:\wamp\www\ec_website\Application\Runtime\Cache\Shop\e6164b8df6840138d65f8460a279915f.php 第 122 行.
NOTIC: [8] Use of undefined constant gc_name - assumed 'gc_name' D:\wamp\www\ec_website\Application\Runtime\Cache\Shop\e6164b8df6840138d65f8460a279915f.php 第 122 行.
NOTIC: [8] Use of undefined constant gc_name - assumed 'gc_name' D:\wamp\www\ec_website\Application\Runtime\Cache\Shop\e6164b8df6840138d65f8460a279915f.php 第 119 行.
NOTIC: [8] Use of undefined constant class3 - assumed 'class3' D:\wamp\www\ec_website\Application\Runtime\Cache\Shop\e6164b8df6840138d65f8460a279915f.php 第 122 行.
NOTIC: [8] Use of undefined constant class3 - assumed 'class3' D:\wamp\www\ec_website\Application\Runtime\Cache\Shop\e6164b8df6840138d65f8460a279915f.php 第 122 行.
NOTIC: [8] Use of undefined constant gc_name - assumed 'gc_name' D:\wamp\www\ec_website\Application\Runtime\Cache\Shop\e6164b8df6840138d65f8460a279915f.php 第 122 行.
NOTIC: [8] Use of undefined constant gc_name - assumed 'gc_name' D:\wamp\www\ec_website\Application\Runtime\Cache\Shop\e6164b8df6840138d65f8460a279915f.php 第 122 行.
NOTIC: [8] Undefined variable: class_info D:\wamp\www\ec_website\Application\Runtime\Cache\Shop\e6164b8df6840138d65f8460a279915f.php 第 187 行.
NOTIC: [8] Undefined variable: choose_info D:\wamp\www\ec_website\Application\Runtime\Cache\Shop\e6164b8df6840138d65f8460a279915f.php 第 189 行.
INFO: Run Behavior\ParseTemplateBehavior [ RunTime:0.026002s ]
INFO: [ view_parse ] --END-- [ RunTime:0.026002s ]
INFO: [ view_filter ] --START--
INFO: Run Behavior\WriteHtmlCacheBehavior [ RunTime:0.001000s ]
INFO: [ view_filter ] --END-- [ RunTime:0.001000s ]
INFO: [ app_end ] --START--
INFO: Run Behavior\ShowPageTraceBehavior [ RunTime:0.001000s ]
INFO: [ app_end ] --END-- [ RunTime:0.001000s ]

[ 2016-03-15T10:34:48+08:00 ] ::1 /ec_website/index.php/Shop/Search
INFO: [ app_init ] --START--
INFO: Run Behavior\BuildLiteBehavior [ RunTime:0.000000s ]
INFO: [ app_init ] --END-- [ RunTime:0.000000s ]
INFO: [ app_begin ] --START--
INFO: Run Behavior\ReadHtmlCacheBehavior [ RunTime:0.000000s ]
INFO: [ app_begin ] --END-- [ RunTime:0.000000s ]
NOTIC: [8] A session had already been started - ignoring session_start() D:\wamp\www\ec_website\ThinkPHP\Common\functions.php 第 1263 行.
SQL: SHOW COLUMNS FROM `ec_goods_class` [ RunTime:0.0020s ]
SQL: SELECT * FROM `ec_goods_class` WHERE ( gc_parent_id=0 )  [ RunTime:0.0000s ]
SQL: SHOW COLUMNS FROM `ec_goods_class` [ RunTime:0.0020s ]
SQL: SELECT * FROM `ec_goods_class` WHERE `gc_parent_id` = '1'  [ RunTime:0.0000s ]
SQL: SHOW COLUMNS FROM `ec_goods_class` [ RunTime:0.0030s ]
SQL: SELECT * FROM `ec_goods_class` WHERE `gc_parent_id` = '3'  [ RunTime:0.0000s ]
SQL: SHOW COLUMNS FROM `ec_goods_class` [ RunTime:0.0020s ]
SQL: SELECT * FROM `ec_goods_class` WHERE `gc_parent_id` = '4'  [ RunTime:0.0000s ]
SQL: SHOW COLUMNS FROM `ec_goods_class` [ RunTime:0.0020s ]
SQL: SELECT * FROM `ec_goods_class` WHERE `gc_parent_id` = '2'  [ RunTime:0.0000s ]
SQL: SHOW COLUMNS FROM `ec_goods_class` [ RunTime:0.0020s ]
SQL: SELECT * FROM `ec_goods_class` WHERE `gc_parent_id` = '5'  [ RunTime:0.0000s ]
SQL: SHOW COLUMNS FROM `ec_goods_class` [ RunTime:0.0020s ]
SQL: SELECT * FROM `ec_goods_class` WHERE `gc_parent_id` = '6'  [ RunTime:0.0000s ]
SQL: SHOW COLUMNS FROM `ec_goods` [ RunTime:0.0020s ]
SQL: SELECT * FROM `ec_goods` LIMIT 250   [ RunTime:0.0000s ]
INFO: [ view_parse ] --START--
INFO: [ template_filter ] --START--
INFO: Run Behavior\ContentReplaceBehavior [ RunTime:0.000000s ]
INFO: [ template_filter ] --END-- [ RunTime:0.000000s ]
NOTIC: [8] Use of undefined constant gc_id - assumed 'gc_id' D:\wamp\www\ec_website\Application\Runtime\Cache\Shop\e6164b8df6840138d65f8460a279915f.php 第 113 行.
NOTIC: [8] Use of undefined constant gc_name - assumed 'gc_name' D:\wamp\www\ec_website\Application\Runtime\Cache\Shop\e6164b8df6840138d65f8460a279915f.php 第 113 行.
NOTIC: [8] Use of undefined constant gc_id - assumed 'gc_id' D:\wamp\www\ec_website\Application\Runtime\Cache\Shop\e6164b8df6840138d65f8460a279915f.php 第 113 行.
NOTIC: [8] Use of undefined constant gc_name - assumed 'gc_name' D:\wamp\www\ec_website\Application\Runtime\Cache\Shop\e6164b8df6840138d65f8460a279915f.php 第 113 行.
NOTIC: [8] Use of undefined constant gc_id - assumed 'gc_id' D:\wamp\www\ec_website\Application\Runtime\Cache\Shop\e6164b8df6840138d65f8460a279915f.php 第 117 行.
NOTIC: [8] Use of undefined constant class2 - assumed 'class2' D:\wamp\www\ec_website\Application\Runtime\Cache\Shop\e6164b8df6840138d65f8460a279915f.php 第 118 行.
NOTIC: [8] Use of undefined constant class2 - assumed 'class2' D:\wamp\www\ec_website\Application\Runtime\Cache\Shop\e6164b8df6840138d65f8460a279915f.php 第 118 行.
NOTIC: [8] Use of undefined constant gc_name - assumed 'gc_name' D:\wamp\www\ec_website\Application\Runtime\Cache\Shop\e6164b8df6840138d65f8460a279915f.php 第 119 行.
NOTIC: [8] Use of undefined constant class3 - assumed 'class3' D:\wamp\www\ec_website\Application\Runtime\Cache\Shop\e6164b8df6840138d65f8460a279915f.php 第 122 行.
NOTIC: [8] Use of undefined constant class3 - assumed 'class3' D:\wamp\www\ec_website\Application\Runtime\Cache\Shop\e6164b8df6840138d65f8460a279915f.php 第 122 行.
NOTIC: [8] Use of undefined constant gc_name - assumed 'gc_name' D:\wamp\www\ec_website\Application\Runtime\Cache\Shop\e6164b8df6840138d65f8460a279915f.php 第 122 行.
NOTIC: [8] Use of undefined constant gc_name - assumed 'gc_name' D:\wamp\www\ec_website\Application\Runtime\Cache\Shop\e6164b8df6840138d65f8460a279915f.php 第 122 行.
NOTIC: [8] Use of undefined constant gc_name - assumed 'gc_name' D:\wamp\www\ec_website\Application\Runtime\Cache\Shop\e6164b8df6840138d65f8460a279915f.php 第 119 行.
NOTIC: [8] Use of undefined constant class3 - assumed 'class3' D:\wamp\www\ec_website\Application\Runtime\Cache\Shop\e6164b8df6840138d65f8460a279915f.php 第 122 行.
NOTIC: [8] Use of undefined constant class3 - assumed 'class3' D:\wamp\www\ec_website\Application\Runtime\Cache\Shop\e6164b8df6840138d65f8460a279915f.php 第 122 行.
NOTIC: [8] Use of undefined constant gc_name - assumed 'gc_name' D:\wamp\www\ec_website\Application\Runtime\Cache\Shop\e6164b8df6840138d65f8460a279915f.php 第 122 行.
NOTIC: [8] Use of undefined constant gc_name - assumed 'gc_name' D:\wamp\www\ec_website\Application\Runtime\Cache\Shop\e6164b8df6840138d65f8460a279915f.php 第 122 行.
NOTIC: [8] Use of undefined constant gc_id - assumed 'gc_id' D:\wamp\www\ec_website\Application\Runtime\Cache\Shop\e6164b8df6840138d65f8460a279915f.php 第 117 行.
NOTIC: [8] Use of undefined constant class2 - assumed 'class2' D:\wamp\www\ec_website\Application\Runtime\Cache\Shop\e6164b8df6840138d65f8460a279915f.php 第 118 行.
NOTIC: [8] Use of undefined constant class2 - assumed 'class2' D:\wamp\www\ec_website\Application\Runtime\Cache\Shop\e6164b8df6840138d65f8460a279915f.php 第 118 行.
NOTIC: [8] Use of undefined constant gc_name - assumed 'gc_name' D:\wamp\www\ec_website\Application\Runtime\Cache\Shop\e6164b8df6840138d65f8460a279915f.php 第 119 行.
NOTIC: [8] Use of undefined constant class3 - assumed 'class3' D:\wamp\www\ec_website\Application\Runtime\Cache\Shop\e6164b8df6840138d65f8460a279915f.php 第 122 行.
NOTIC: [8] Use of undefined constant class3 - assumed 'class3' D:\wamp\www\ec_website\Application\Runtime\Cache\Shop\e6164b8df6840138d65f8460a279915f.php 第 122 行.
NOTIC: [8] Use of undefined constant gc_name - assumed 'gc_name' D:\wamp\www\ec_website\Application\Runtime\Cache\Shop\e6164b8df6840138d65f8460a279915f.php 第 122 行.
NOTIC: [8] Use of undefined constant gc_name - assumed 'gc_name' D:\wamp\www\ec_website\Application\Runtime\Cache\Shop\e6164b8df6840138d65f8460a279915f.php 第 122 行.
NOTIC: [8] Use of undefined constant gc_name - assumed 'gc_name' D:\wamp\www\ec_website\Application\Runtime\Cache\Shop\e6164b8df6840138d65f8460a279915f.php 第 119 行.
NOTIC: [8] Use of undefined constant class3 - assumed 'class3' D:\wamp\www\ec_website\Application\Runtime\Cache\Shop\e6164b8df6840138d65f8460a279915f.php 第 122 行.
NOTIC: [8] Use of undefined constant class3 - assumed 'class3' D:\wamp\www\ec_website\Application\Runtime\Cache\Shop\e6164b8df6840138d65f8460a279915f.php 第 122 行.
NOTIC: [8] Use of undefined constant gc_name - assumed 'gc_name' D:\wamp\www\ec_website\Application\Runtime\Cache\Shop\e6164b8df6840138d65f8460a279915f.php 第 122 行.
NOTIC: [8] Use of undefined constant gc_name - assumed 'gc_name' D:\wamp\www\ec_website\Application\Runtime\Cache\Shop\e6164b8df6840138d65f8460a279915f.php 第 122 行.
NOTIC: [8] Undefined variable: class_info D:\wamp\www\ec_website\Application\Runtime\Cache\Shop\e6164b8df6840138d65f8460a279915f.php 第 187 行.
NOTIC: [8] Undefined variable: choose_info D:\wamp\www\ec_website\Application\Runtime\Cache\Shop\e6164b8df6840138d65f8460a279915f.php 第 189 行.
INFO: Run Behavior\ParseTemplateBehavior [ RunTime:0.018001s ]
INFO: [ view_parse ] --END-- [ RunTime:0.018001s ]
INFO: [ view_filter ] --START--
INFO: Run Behavior\WriteHtmlCacheBehavior [ RunTime:0.001001s ]
INFO: [ view_filter ] --END-- [ RunTime:0.001001s ]
INFO: [ app_end ] --START--
INFO: Run Behavior\ShowPageTraceBehavior [ RunTime:0.001000s ]
INFO: [ app_end ] --END-- [ RunTime:0.001000s ]

[ 2016-03-15T10:41:33+08:00 ] ::1 /ec_website/index.php/Shop/Search
INFO: [ app_init ] --START--
INFO: Run Behavior\BuildLiteBehavior [ RunTime:0.000000s ]
INFO: [ app_init ] --END-- [ RunTime:0.001000s ]
INFO: [ app_begin ] --START--
INFO: Run Behavior\ReadHtmlCacheBehavior [ RunTime:0.001000s ]
INFO: [ app_begin ] --END-- [ RunTime:0.001000s ]
NOTIC: [8] A session had already been started - ignoring session_start() D:\wamp\www\ec_website\ThinkPHP\Common\functions.php 第 1263 行.
SQL: SHOW COLUMNS FROM `ec_goods_class` [ RunTime:0.0020s ]
SQL: SELECT * FROM `ec_goods_class` WHERE ( gc_parent_id=0 )  [ RunTime:0.0000s ]
SQL: SHOW COLUMNS FROM `ec_goods_class` [ RunTime:0.0020s ]
SQL: SELECT * FROM `ec_goods_class` WHERE `gc_parent_id` = '1'  [ RunTime:0.0000s ]
SQL: SHOW COLUMNS FROM `ec_goods_class` [ RunTime:0.0020s ]
SQL: SELECT * FROM `ec_goods_class` WHERE `gc_parent_id` = '3'  [ RunTime:0.0000s ]
SQL: SHOW COLUMNS FROM `ec_goods_class` [ RunTime:0.0020s ]
SQL: SELECT * FROM `ec_goods_class` WHERE `gc_parent_id` = '4'  [ RunTime:0.0000s ]
SQL: SHOW COLUMNS FROM `ec_goods_class` [ RunTime:0.0020s ]
SQL: SELECT * FROM `ec_goods_class` WHERE `gc_parent_id` = '2'  [ RunTime:0.0000s ]
SQL: SHOW COLUMNS FROM `ec_goods_class` [ RunTime:0.0020s ]
SQL: SELECT * FROM `ec_goods_class` WHERE `gc_parent_id` = '5'  [ RunTime:0.0010s ]
SQL: SHOW COLUMNS FROM `ec_goods_class` [ RunTime:0.0020s ]
SQL: SELECT * FROM `ec_goods_class` WHERE `gc_parent_id` = '6'  [ RunTime:0.0000s ]
SQL: SHOW COLUMNS FROM `ec_goods` [ RunTime:0.0020s ]
SQL: SELECT * FROM `ec_goods` LIMIT 250   [ RunTime:0.0000s ]
INFO: [ view_parse ] --START--
INFO: [ template_filter ] --START--
INFO: Run Behavior\ContentReplaceBehavior [ RunTime:0.000000s ]
INFO: [ template_filter ] --END-- [ RunTime:0.001000s ]
NOTIC: [8] Use of undefined constant gc_id - assumed 'gc_id' D:\wamp\www\ec_website\Application\Runtime\Cache\Shop\e6164b8df6840138d65f8460a279915f.php 第 113 行.
NOTIC: [8] Use of undefined constant gc_name - assumed 'gc_name' D:\wamp\www\ec_website\Application\Runtime\Cache\Shop\e6164b8df6840138d65f8460a279915f.php 第 113 行.
NOTIC: [8] Use of undefined constant gc_id - assumed 'gc_id' D:\wamp\www\ec_website\Application\Runtime\Cache\Shop\e6164b8df6840138d65f8460a279915f.php 第 113 行.
NOTIC: [8] Use of undefined constant gc_name - assumed 'gc_name' D:\wamp\www\ec_website\Application\Runtime\Cache\Shop\e6164b8df6840138d65f8460a279915f.php 第 113 行.
NOTIC: [8] Use of undefined constant gc_id - assumed 'gc_id' D:\wamp\www\ec_website\Application\Runtime\Cache\Shop\e6164b8df6840138d65f8460a279915f.php 第 117 行.
NOTIC: [8] Use of undefined constant class2 - assumed 'class2' D:\wamp\www\ec_website\Application\Runtime\Cache\Shop\e6164b8df6840138d65f8460a279915f.php 第 118 行.
NOTIC: [8] Use of undefined constant class2 - assumed 'class2' D:\wamp\www\ec_website\Application\Runtime\Cache\Shop\e6164b8df6840138d65f8460a279915f.php 第 118 行.
NOTIC: [8] Use of undefined constant gc_name - assumed 'gc_name' D:\wamp\www\ec_website\Application\Runtime\Cache\Shop\e6164b8df6840138d65f8460a279915f.php 第 119 行.
NOTIC: [8] Use of undefined constant class3 - assumed 'class3' D:\wamp\www\ec_website\Application\Runtime\Cache\Shop\e6164b8df6840138d65f8460a279915f.php 第 122 行.
NOTIC: [8] Use of undefined constant class3 - assumed 'class3' D:\wamp\www\ec_website\Application\Runtime\Cache\Shop\e6164b8df6840138d65f8460a279915f.php 第 122 行.
NOTIC: [8] Use of undefined constant gc_name - assumed 'gc_name' D:\wamp\www\ec_website\Application\Runtime\Cache\Shop\e6164b8df6840138d65f8460a279915f.php 第 122 行.
NOTIC: [8] Use of undefined constant gc_name - assumed 'gc_name' D:\wamp\www\ec_website\Application\Runtime\Cache\Shop\e6164b8df6840138d65f8460a279915f.php 第 122 行.
NOTIC: [8] Use of undefined constant gc_name - assumed 'gc_name' D:\wamp\www\ec_website\Application\Runtime\Cache\Shop\e6164b8df6840138d65f8460a279915f.php 第 119 行.
NOTIC: [8] Use of undefined constant class3 - assumed 'class3' D:\wamp\www\ec_website\Application\Runtime\Cache\Shop\e6164b8df6840138d65f8460a279915f.php 第 122 行.
NOTIC: [8] Use of undefined constant class3 - assumed 'class3' D:\wamp\www\ec_website\Application\Runtime\Cache\Shop\e6164b8df6840138d65f8460a279915f.php 第 122 行.
NOTIC: [8] Use of undefined constant gc_name - assumed 'gc_name' D:\wamp\www\ec_website\Application\Runtime\Cache\Shop\e6164b8df6840138d65f8460a279915f.php 第 122 行.
NOTIC: [8] Use of undefined constant gc_name - assumed 'gc_name' D:\wamp\www\ec_website\Application\Runtime\Cache\Shop\e6164b8df6840138d65f8460a279915f.php 第 122 行.
NOTIC: [8] Use of undefined constant gc_id - assumed 'gc_id' D:\wamp\www\ec_website\Application\Runtime\Cache\Shop\e6164b8df6840138d65f8460a279915f.php 第 117 行.
NOTIC: [8] Use of undefined constant class2 - assumed 'class2' D:\wamp\www\ec_website\Application\Runtime\Cache\Shop\e6164b8df6840138d65f8460a279915f.php 第 118 行.
NOTIC: [8] Use of undefined constant class2 - assumed 'class2' D:\wamp\www\ec_website\Application\Runtime\Cache\Shop\e6164b8df6840138d65f8460a279915f.php 第 118 行.
NOTIC: [8] Use of undefined constant gc_name - assumed 'gc_name' D:\wamp\www\ec_website\Application\Runtime\Cache\Shop\e6164b8df6840138d65f8460a279915f.php 第 119 行.
NOTIC: [8] Use of undefined constant class3 - assumed 'class3' D:\wamp\www\ec_website\Application\Runtime\Cache\Shop\e6164b8df6840138d65f8460a279915f.php 第 122 行.
NOTIC: [8] Use of undefined constant class3 - assumed 'class3' D:\wamp\www\ec_website\Application\Runtime\Cache\Shop\e6164b8df6840138d65f8460a279915f.php 第 122 行.
NOTIC: [8] Use of undefined constant gc_name - assumed 'gc_name' D:\wamp\www\ec_website\Application\Runtime\Cache\Shop\e6164b8df6840138d65f8460a279915f.php 第 122 行.
NOTIC: [8] Use of undefined constant gc_name - assumed 'gc_name' D:\wamp\www\ec_website\Application\Runtime\Cache\Shop\e6164b8df6840138d65f8460a279915f.php 第 122 行.
NOTIC: [8] Use of undefined constant gc_name - assumed 'gc_name' D:\wamp\www\ec_website\Application\Runtime\Cache\Shop\e6164b8df6840138d65f8460a279915f.php 第 119 行.
NOTIC: [8] Use of undefined constant class3 - assumed 'class3' D:\wamp\www\ec_website\Application\Runtime\Cache\Shop\e6164b8df6840138d65f8460a279915f.php 第 122 行.
NOTIC: [8] Use of undefined constant class3 - assumed 'class3' D:\wamp\www\ec_website\Application\Runtime\Cache\Shop\e6164b8df6840138d65f8460a279915f.php 第 122 行.
NOTIC: [8] Use of undefined constant gc_name - assumed 'gc_name' D:\wamp\www\ec_website\Application\Runtime\Cache\Shop\e6164b8df6840138d65f8460a279915f.php 第 122 行.
NOTIC: [8] Use of undefined constant gc_name - assumed 'gc_name' D:\wamp\www\ec_website\Application\Runtime\Cache\Shop\e6164b8df6840138d65f8460a279915f.php 第 122 行.
NOTIC: [8] Undefined variable: class_info D:\wamp\www\ec_website\Application\Runtime\Cache\Shop\e6164b8df6840138d65f8460a279915f.php 第 187 行.
NOTIC: [8] Undefined variable: choose_info D:\wamp\www\ec_website\Application\Runtime\Cache\Shop\e6164b8df6840138d65f8460a279915f.php 第 189 行.
INFO: Run Behavior\ParseTemplateBehavior [ RunTime:0.018001s ]
INFO: [ view_parse ] --END-- [ RunTime:0.019001s ]
INFO: [ view_filter ] --START--
INFO: Run Behavior\WriteHtmlCacheBehavior [ RunTime:0.000000s ]
INFO: [ view_filter ] --END-- [ RunTime:0.000000s ]
INFO: [ app_end ] --START--
INFO: Run Behavior\ShowPageTraceBehavior [ RunTime:0.001000s ]
INFO: [ app_end ] --END-- [ RunTime:0.001000s ]

[ 2016-03-15T11:32:24+08:00 ] ::1 /ec_website/index.php/Shop/Search
INFO: [ app_init ] --START--
INFO: Run Behavior\BuildLiteBehavior [ RunTime:0.000000s ]
INFO: [ app_init ] --END-- [ RunTime:0.000000s ]
INFO: [ app_begin ] --START--
INFO: Run Behavior\ReadHtmlCacheBehavior [ RunTime:0.001000s ]
INFO: [ app_begin ] --END-- [ RunTime:0.001000s ]
NOTIC: [8] A session had already been started - ignoring session_start() D:\wamp\www\ec_website\ThinkPHP\Common\functions.php 第 1263 行.
SQL: SHOW COLUMNS FROM `ec_goods_class` [ RunTime:0.0020s ]
SQL: SELECT * FROM `ec_goods_class` WHERE ( gc_parent_id=0 )  [ RunTime:0.0010s ]
SQL: SHOW COLUMNS FROM `ec_goods_class` [ RunTime:0.0020s ]
SQL: SELECT * FROM `ec_goods_class` WHERE `gc_parent_id` = '1'  [ RunTime:0.0000s ]
SQL: SHOW COLUMNS FROM `ec_goods_class` [ RunTime:0.0020s ]
SQL: SELECT * FROM `ec_goods_class` WHERE `gc_parent_id` = '3'  [ RunTime:0.0000s ]
SQL: SHOW COLUMNS FROM `ec_goods_class` [ RunTime:0.0010s ]
SQL: SELECT * FROM `ec_goods_class` WHERE `gc_parent_id` = '4'  [ RunTime:0.0000s ]
SQL: SHOW COLUMNS FROM `ec_goods_class` [ RunTime:0.0020s ]
SQL: SELECT * FROM `ec_goods_class` WHERE `gc_parent_id` = '2'  [ RunTime:0.0000s ]
SQL: SHOW COLUMNS FROM `ec_goods_class` [ RunTime:0.0030s ]
SQL: SELECT * FROM `ec_goods_class` WHERE `gc_parent_id` = '5'  [ RunTime:0.0010s ]
SQL: SHOW COLUMNS FROM `ec_goods_class` [ RunTime:0.0020s ]
SQL: SELECT * FROM `ec_goods_class` WHERE `gc_parent_id` = '6'  [ RunTime:0.0000s ]
SQL: SHOW COLUMNS FROM `ec_goods` [ RunTime:0.0020s ]
SQL: SELECT * FROM `ec_goods` LIMIT 250   [ RunTime:0.0000s ]
INFO: [ view_parse ] --START--
INFO: [ template_filter ] --START--
INFO: Run Behavior\ContentReplaceBehavior [ RunTime:0.000000s ]
INFO: [ template_filter ] --END-- [ RunTime:0.000000s ]
NOTIC: [8] Use of undefined constant gc_id - assumed 'gc_id' D:\wamp\www\ec_website\Application\Runtime\Cache\Shop\e6164b8df6840138d65f8460a279915f.php 第 113 行.
NOTIC: [8] Use of undefined constant gc_name - assumed 'gc_name' D:\wamp\www\ec_website\Application\Runtime\Cache\Shop\e6164b8df6840138d65f8460a279915f.php 第 113 行.
NOTIC: [8] Use of undefined constant gc_id - assumed 'gc_id' D:\wamp\www\ec_website\Application\Runtime\Cache\Shop\e6164b8df6840138d65f8460a279915f.php 第 113 行.
NOTIC: [8] Use of undefined constant gc_name - assumed 'gc_name' D:\wamp\www\ec_website\Application\Runtime\Cache\Shop\e6164b8df6840138d65f8460a279915f.php 第 113 行.
NOTIC: [8] Use of undefined constant gc_id - assumed 'gc_id' D:\wamp\www\ec_website\Application\Runtime\Cache\Shop\e6164b8df6840138d65f8460a279915f.php 第 117 行.
NOTIC: [8] Use of undefined constant class2 - assumed 'class2' D:\wamp\www\ec_website\Application\Runtime\Cache\Shop\e6164b8df6840138d65f8460a279915f.php 第 118 行.
NOTIC: [8] Use of undefined constant class2 - assumed 'class2' D:\wamp\www\ec_website\Application\Runtime\Cache\Shop\e6164b8df6840138d65f8460a279915f.php 第 118 行.
NOTIC: [8] Use of undefined constant gc_name - assumed 'gc_name' D:\wamp\www\ec_website\Application\Runtime\Cache\Shop\e6164b8df6840138d65f8460a279915f.php 第 119 行.
NOTIC: [8] Use of undefined constant class3 - assumed 'class3' D:\wamp\www\ec_website\Application\Runtime\Cache\Shop\e6164b8df6840138d65f8460a279915f.php 第 122 行.
NOTIC: [8] Use of undefined constant class3 - assumed 'class3' D:\wamp\www\ec_website\Application\Runtime\Cache\Shop\e6164b8df6840138d65f8460a279915f.php 第 122 行.
NOTIC: [8] Use of undefined constant gc_name - assumed 'gc_name' D:\wamp\www\ec_website\Application\Runtime\Cache\Shop\e6164b8df6840138d65f8460a279915f.php 第 122 行.
NOTIC: [8] Use of undefined constant gc_name - assumed 'gc_name' D:\wamp\www\ec_website\Application\Runtime\Cache\Shop\e6164b8df6840138d65f8460a279915f.php 第 122 行.
NOTIC: [8] Use of undefined constant gc_name - assumed 'gc_name' D:\wamp\www\ec_website\Application\Runtime\Cache\Shop\e6164b8df6840138d65f8460a279915f.php 第 119 行.
NOTIC: [8] Use of undefined constant class3 - assumed 'class3' D:\wamp\www\ec_website\Application\Runtime\Cache\Shop\e6164b8df6840138d65f8460a279915f.php 第 122 行.
NOTIC: [8] Use of undefined constant class3 - assumed 'class3' D:\wamp\www\ec_website\Application\Runtime\Cache\Shop\e6164b8df6840138d65f8460a279915f.php 第 122 行.
NOTIC: [8] Use of undefined constant gc_name - assumed 'gc_name' D:\wamp\www\ec_website\Application\Runtime\Cache\Shop\e6164b8df6840138d65f8460a279915f.php 第 122 行.
NOTIC: [8] Use of undefined constant gc_name - assumed 'gc_name' D:\wamp\www\ec_website\Application\Runtime\Cache\Shop\e6164b8df6840138d65f8460a279915f.php 第 122 行.
NOTIC: [8] Use of undefined constant gc_id - assumed 'gc_id' D:\wamp\www\ec_website\Application\Runtime\Cache\Shop\e6164b8df6840138d65f8460a279915f.php 第 117 行.
NOTIC: [8] Use of undefined constant class2 - assumed 'class2' D:\wamp\www\ec_website\Application\Runtime\Cache\Shop\e6164b8df6840138d65f8460a279915f.php 第 118 行.
NOTIC: [8] Use of undefined constant class2 - assumed 'class2' D:\wamp\www\ec_website\Application\Runtime\Cache\Shop\e6164b8df6840138d65f8460a279915f.php 第 118 行.
NOTIC: [8] Use of undefined constant gc_name - assumed 'gc_name' D:\wamp\www\ec_website\Application\Runtime\Cache\Shop\e6164b8df6840138d65f8460a279915f.php 第 119 行.
NOTIC: [8] Use of undefined constant class3 - assumed 'class3' D:\wamp\www\ec_website\Application\Runtime\Cache\Shop\e6164b8df6840138d65f8460a279915f.php 第 122 行.
NOTIC: [8] Use of undefined constant class3 - assumed 'class3' D:\wamp\www\ec_website\Application\Runtime\Cache\Shop\e6164b8df6840138d65f8460a279915f.php 第 122 行.
NOTIC: [8] Use of undefined constant gc_name - assumed 'gc_name' D:\wamp\www\ec_website\Application\Runtime\Cache\Shop\e6164b8df6840138d65f8460a279915f.php 第 122 行.
NOTIC: [8] Use of undefined constant gc_name - assumed 'gc_name' D:\wamp\www\ec_website\Application\Runtime\Cache\Shop\e6164b8df6840138d65f8460a279915f.php 第 122 行.
NOTIC: [8] Use of undefined constant gc_name - assumed 'gc_name' D:\wamp\www\ec_website\Application\Runtime\Cache\Shop\e6164b8df6840138d65f8460a279915f.php 第 119 行.
NOTIC: [8] Use of undefined constant class3 - assumed 'class3' D:\wamp\www\ec_website\Application\Runtime\Cache\Shop\e6164b8df6840138d65f8460a279915f.php 第 122 行.
NOTIC: [8] Use of undefined constant class3 - assumed 'class3' D:\wamp\www\ec_website\Application\Runtime\Cache\Shop\e6164b8df6840138d65f8460a279915f.php 第 122 行.
NOTIC: [8] Use of undefined constant gc_name - assumed 'gc_name' D:\wamp\www\ec_website\Application\Runtime\Cache\Shop\e6164b8df6840138d65f8460a279915f.php 第 122 行.
NOTIC: [8] Use of undefined constant gc_name - assumed 'gc_name' D:\wamp\www\ec_website\Application\Runtime\Cache\Shop\e6164b8df6840138d65f8460a279915f.php 第 122 行.
NOTIC: [8] Undefined variable: class_info D:\wamp\www\ec_website\Application\Runtime\Cache\Shop\e6164b8df6840138d65f8460a279915f.php 第 187 行.
NOTIC: [8] Undefined variable: choose_info D:\wamp\www\ec_website\Application\Runtime\Cache\Shop\e6164b8df6840138d65f8460a279915f.php 第 189 行.
INFO: Run Behavior\ParseTemplateBehavior [ RunTime:0.019002s ]
INFO: [ view_parse ] --END-- [ RunTime:0.019002s ]
INFO: [ view_filter ] --START--
INFO: Run Behavior\WriteHtmlCacheBehavior [ RunTime:0.001000s ]
INFO: [ view_filter ] --END-- [ RunTime:0.001000s ]
INFO: [ app_end ] --START--
INFO: Run Behavior\ShowPageTraceBehavior [ RunTime:0.001000s ]
INFO: [ app_end ] --END-- [ RunTime:0.001000s ]

[ 2016-03-15T11:32:47+08:00 ] ::1 /ec_website/index.php/Shop/Search
INFO: [ app_init ] --START--
INFO: Run Behavior\BuildLiteBehavior [ RunTime:0.001001s ]
INFO: [ app_init ] --END-- [ RunTime:0.001001s ]
INFO: [ app_begin ] --START--
INFO: Run Behavior\ReadHtmlCacheBehavior [ RunTime:0.000000s ]
INFO: [ app_begin ] --END-- [ RunTime:0.000000s ]
NOTIC: [8] A session had already been started - ignoring session_start() D:\wamp\www\ec_website\ThinkPHP\Common\functions.php 第 1263 行.
SQL: SHOW COLUMNS FROM `ec_goods_class` [ RunTime:0.0020s ]
SQL: SELECT * FROM `ec_goods_class` WHERE ( gc_parent_id=0 )  [ RunTime:0.0000s ]
SQL: SHOW COLUMNS FROM `ec_goods_class` [ RunTime:0.0030s ]
SQL: SELECT * FROM `ec_goods_class` WHERE `gc_parent_id` = '1'  [ RunTime:0.0000s ]
SQL: SHOW COLUMNS FROM `ec_goods_class` [ RunTime:0.0020s ]
SQL: SELECT * FROM `ec_goods_class` WHERE `gc_parent_id` = '3'  [ RunTime:0.0000s ]
SQL: SHOW COLUMNS FROM `ec_goods_class` [ RunTime:0.0020s ]
SQL: SELECT * FROM `ec_goods_class` WHERE `gc_parent_id` = '4'  [ RunTime:0.0000s ]
SQL: SHOW COLUMNS FROM `ec_goods_class` [ RunTime:0.0020s ]
SQL: SELECT * FROM `ec_goods_class` WHERE `gc_parent_id` = '2'  [ RunTime:0.0010s ]
SQL: SHOW COLUMNS FROM `ec_goods_class` [ RunTime:0.0020s ]
SQL: SELECT * FROM `ec_goods_class` WHERE `gc_parent_id` = '5'  [ RunTime:0.0000s ]
SQL: SHOW COLUMNS FROM `ec_goods_class` [ RunTime:0.0010s ]
SQL: SELECT * FROM `ec_goods_class` WHERE `gc_parent_id` = '6'  [ RunTime:0.0000s ]
SQL: SHOW COLUMNS FROM `ec_goods` [ RunTime:0.0020s ]
SQL: SELECT * FROM `ec_goods` LIMIT 250   [ RunTime:0.0000s ]
INFO: [ view_parse ] --START--
INFO: [ template_filter ] --START--
INFO: Run Behavior\ContentReplaceBehavior [ RunTime:0.000000s ]
INFO: [ template_filter ] --END-- [ RunTime:0.000000s ]
NOTIC: [8] Use of undefined constant gc_id - assumed 'gc_id' D:\wamp\www\ec_website\Application\Runtime\Cache\Shop\e6164b8df6840138d65f8460a279915f.php 第 113 行.
NOTIC: [8] Use of undefined constant gc_name - assumed 'gc_name' D:\wamp\www\ec_website\Application\Runtime\Cache\Shop\e6164b8df6840138d65f8460a279915f.php 第 113 行.
NOTIC: [8] Use of undefined constant gc_id - assumed 'gc_id' D:\wamp\www\ec_website\Application\Runtime\Cache\Shop\e6164b8df6840138d65f8460a279915f.php 第 113 行.
NOTIC: [8] Use of undefined constant gc_name - assumed 'gc_name' D:\wamp\www\ec_website\Application\Runtime\Cache\Shop\e6164b8df6840138d65f8460a279915f.php 第 113 行.
NOTIC: [8] Use of undefined constant gc_id - assumed 'gc_id' D:\wamp\www\ec_website\Application\Runtime\Cache\Shop\e6164b8df6840138d65f8460a279915f.php 第 117 行.
NOTIC: [8] Use of undefined constant class2 - assumed 'class2' D:\wamp\www\ec_website\Application\Runtime\Cache\Shop\e6164b8df6840138d65f8460a279915f.php 第 118 行.
NOTIC: [8] Use of undefined constant class2 - assumed 'class2' D:\wamp\www\ec_website\Application\Runtime\Cache\Shop\e6164b8df6840138d65f8460a279915f.php 第 118 行.
NOTIC: [8] Use of undefined constant gc_name - assumed 'gc_name' D:\wamp\www\ec_website\Application\Runtime\Cache\Shop\e6164b8df6840138d65f8460a279915f.php 第 119 行.
NOTIC: [8] Use of undefined constant class3 - assumed 'class3' D:\wamp\www\ec_website\Application\Runtime\Cache\Shop\e6164b8df6840138d65f8460a279915f.php 第 122 行.
NOTIC: [8] Use of undefined constant class3 - assumed 'class3' D:\wamp\www\ec_website\Application\Runtime\Cache\Shop\e6164b8df6840138d65f8460a279915f.php 第 122 行.
NOTIC: [8] Use of undefined constant gc_name - assumed 'gc_name' D:\wamp\www\ec_website\Application\Runtime\Cache\Shop\e6164b8df6840138d65f8460a279915f.php 第 122 行.
NOTIC: [8] Use of undefined constant gc_name - assumed 'gc_name' D:\wamp\www\ec_website\Application\Runtime\Cache\Shop\e6164b8df6840138d65f8460a279915f.php 第 122 行.
NOTIC: [8] Use of undefined constant gc_name - assumed 'gc_name' D:\wamp\www\ec_website\Application\Runtime\Cache\Shop\e6164b8df6840138d65f8460a279915f.php 第 119 行.
NOTIC: [8] Use of undefined constant class3 - assumed 'class3' D:\wamp\www\ec_website\Application\Runtime\Cache\Shop\e6164b8df6840138d65f8460a279915f.php 第 122 行.
NOTIC: [8] Use of undefined constant class3 - assumed 'class3' D:\wamp\www\ec_website\Application\Runtime\Cache\Shop\e6164b8df6840138d65f8460a279915f.php 第 122 行.
NOTIC: [8] Use of undefined constant gc_name - assumed 'gc_name' D:\wamp\www\ec_website\Application\Runtime\Cache\Shop\e6164b8df6840138d65f8460a279915f.php 第 122 行.
NOTIC: [8] Use of undefined constant gc_name - assumed 'gc_name' D:\wamp\www\ec_website\Application\Runtime\Cache\Shop\e6164b8df6840138d65f8460a279915f.php 第 122 行.
NOTIC: [8] Use of undefined constant gc_id - assumed 'gc_id' D:\wamp\www\ec_website\Application\Runtime\Cache\Shop\e6164b8df6840138d65f8460a279915f.php 第 117 行.
NOTIC: [8] Use of undefined constant class2 - assumed 'class2' D:\wamp\www\ec_website\Application\Runtime\Cache\Shop\e6164b8df6840138d65f8460a279915f.php 第 118 行.
NOTIC: [8] Use of undefined constant class2 - assumed 'class2' D:\wamp\www\ec_website\Application\Runtime\Cache\Shop\e6164b8df6840138d65f8460a279915f.php 第 118 行.
NOTIC: [8] Use of undefined constant gc_name - assumed 'gc_name' D:\wamp\www\ec_website\Application\Runtime\Cache\Shop\e6164b8df6840138d65f8460a279915f.php 第 119 行.
NOTIC: [8] Use of undefined constant class3 - assumed 'class3' D:\wamp\www\ec_website\Application\Runtime\Cache\Shop\e6164b8df6840138d65f8460a279915f.php 第 122 行.
NOTIC: [8] Use of undefined constant class3 - assumed 'class3' D:\wamp\www\ec_website\Application\Runtime\Cache\Shop\e6164b8df6840138d65f8460a279915f.php 第 122 行.
NOTIC: [8] Use of undefined constant gc_name - assumed 'gc_name' D:\wamp\www\ec_website\Application\Runtime\Cache\Shop\e6164b8df6840138d65f8460a279915f.php 第 122 行.
NOTIC: [8] Use of undefined constant gc_name - assumed 'gc_name' D:\wamp\www\ec_website\Application\Runtime\Cache\Shop\e6164b8df6840138d65f8460a279915f.php 第 122 行.
NOTIC: [8] Use of undefined constant gc_name - assumed 'gc_name' D:\wamp\www\ec_website\Application\Runtime\Cache\Shop\e6164b8df6840138d65f8460a279915f.php 第 119 行.
NOTIC: [8] Use of undefined constant class3 - assumed 'class3' D:\wamp\www\ec_website\Application\Runtime\Cache\Shop\e6164b8df6840138d65f8460a279915f.php 第 122 行.
NOTIC: [8] Use of undefined constant class3 - assumed 'class3' D:\wamp\www\ec_website\Application\Runtime\Cache\Shop\e6164b8df6840138d65f8460a279915f.php 第 122 行.
NOTIC: [8] Use of undefined constant gc_name - assumed 'gc_name' D:\wamp\www\ec_website\Application\Runtime\Cache\Shop\e6164b8df6840138d65f8460a279915f.php 第 122 行.
NOTIC: [8] Use of undefined constant gc_name - assumed 'gc_name' D:\wamp\www\ec_website\Application\Runtime\Cache\Shop\e6164b8df6840138d65f8460a279915f.php 第 122 行.
NOTIC: [8] Undefined variable: class_info D:\wamp\www\ec_website\Application\Runtime\Cache\Shop\e6164b8df6840138d65f8460a279915f.php 第 187 行.
NOTIC: [8] Undefined variable: choose_info D:\wamp\www\ec_website\Application\Runtime\Cache\Shop\e6164b8df6840138d65f8460a279915f.php 第 189 行.
INFO: Run Behavior\ParseTemplateBehavior [ RunTime:0.018001s ]
INFO: [ view_parse ] --END-- [ RunTime:0.019001s ]
INFO: [ view_filter ] --START--
INFO: Run Behavior\WriteHtmlCacheBehavior [ RunTime:0.000000s ]
INFO: [ view_filter ] --END-- [ RunTime:0.000000s ]
INFO: [ app_end ] --START--
INFO: Run Behavior\ShowPageTraceBehavior [ RunTime:0.001001s ]
INFO: [ app_end ] --END-- [ RunTime:0.001001s ]

[ 2016-03-15T11:33:10+08:00 ] ::1 /ec_website/index.php/Shop/Search
INFO: [ app_init ] --START--
INFO: Run Behavior\BuildLiteBehavior [ RunTime:0.000000s ]
INFO: [ app_init ] --END-- [ RunTime:0.001000s ]
INFO: [ app_begin ] --START--
INFO: Run Behavior\ReadHtmlCacheBehavior [ RunTime:0.001000s ]
INFO: [ app_begin ] --END-- [ RunTime:0.001000s ]
NOTIC: [8] A session had already been started - ignoring session_start() D:\wamp\www\ec_website\ThinkPHP\Common\functions.php 第 1263 行.
SQL: SHOW COLUMNS FROM `ec_goods_class` [ RunTime:0.0020s ]
SQL: SELECT * FROM `ec_goods_class` WHERE ( gc_parent_id=0 )  [ RunTime:0.0000s ]
SQL: SHOW COLUMNS FROM `ec_goods_class` [ RunTime:0.0030s ]
SQL: SELECT * FROM `ec_goods_class` WHERE `gc_parent_id` = '1'  [ RunTime:0.0000s ]
SQL: SHOW COLUMNS FROM `ec_goods_class` [ RunTime:0.0030s ]
SQL: SELECT * FROM `ec_goods_class` WHERE `gc_parent_id` = '3'  [ RunTime:0.0000s ]
SQL: SHOW COLUMNS FROM `ec_goods_class` [ RunTime:0.0020s ]
SQL: SELECT * FROM `ec_goods_class` WHERE `gc_parent_id` = '4'  [ RunTime:0.0000s ]
SQL: SHOW COLUMNS FROM `ec_goods_class` [ RunTime:0.0020s ]
SQL: SELECT * FROM `ec_goods_class` WHERE `gc_parent_id` = '2'  [ RunTime:0.0000s ]
SQL: SHOW COLUMNS FROM `ec_goods_class` [ RunTime:0.0030s ]
SQL: SELECT * FROM `ec_goods_class` WHERE `gc_parent_id` = '5'  [ RunTime:0.0000s ]
SQL: SHOW COLUMNS FROM `ec_goods_class` [ RunTime:0.0020s ]
SQL: SELECT * FROM `ec_goods_class` WHERE `gc_parent_id` = '6'  [ RunTime:0.0000s ]
SQL: SHOW COLUMNS FROM `ec_goods` [ RunTime:0.0020s ]
SQL: SELECT * FROM `ec_goods` LIMIT 250   [ RunTime:0.0010s ]
INFO: [ view_parse ] --START--
INFO: [ template_filter ] --START--
INFO: Run Behavior\ContentReplaceBehavior [ RunTime:0.000000s ]
INFO: [ template_filter ] --END-- [ RunTime:0.000000s ]
NOTIC: [8] Use of undefined constant gc_id - assumed 'gc_id' D:\wamp\www\ec_website\Application\Runtime\Cache\Shop\e6164b8df6840138d65f8460a279915f.php 第 113 行.
NOTIC: [8] Use of undefined constant gc_name - assumed 'gc_name' D:\wamp\www\ec_website\Application\Runtime\Cache\Shop\e6164b8df6840138d65f8460a279915f.php 第 113 行.
NOTIC: [8] Use of undefined constant gc_id - assumed 'gc_id' D:\wamp\www\ec_website\Application\Runtime\Cache\Shop\e6164b8df6840138d65f8460a279915f.php 第 113 行.
NOTIC: [8] Use of undefined constant gc_name - assumed 'gc_name' D:\wamp\www\ec_website\Application\Runtime\Cache\Shop\e6164b8df6840138d65f8460a279915f.php 第 113 行.
NOTIC: [8] Use of undefined constant gc_id - assumed 'gc_id' D:\wamp\www\ec_website\Application\Runtime\Cache\Shop\e6164b8df6840138d65f8460a279915f.php 第 117 行.
NOTIC: [8] Use of undefined constant class2 - assumed 'class2' D:\wamp\www\ec_website\Application\Runtime\Cache\Shop\e6164b8df6840138d65f8460a279915f.php 第 118 行.
NOTIC: [8] Use of undefined constant class2 - assumed 'class2' D:\wamp\www\ec_website\Application\Runtime\Cache\Shop\e6164b8df6840138d65f8460a279915f.php 第 118 行.
NOTIC: [8] Use of undefined constant gc_name - assumed 'gc_name' D:\wamp\www\ec_website\Application\Runtime\Cache\Shop\e6164b8df6840138d65f8460a279915f.php 第 119 行.
NOTIC: [8] Use of undefined constant class3 - assumed 'class3' D:\wamp\www\ec_website\Application\Runtime\Cache\Shop\e6164b8df6840138d65f8460a279915f.php 第 122 行.
NOTIC: [8] Use of undefined constant class3 - assumed 'class3' D:\wamp\www\ec_website\Application\Runtime\Cache\Shop\e6164b8df6840138d65f8460a279915f.php 第 122 行.
NOTIC: [8] Use of undefined constant gc_name - assumed 'gc_name' D:\wamp\www\ec_website\Application\Runtime\Cache\Shop\e6164b8df6840138d65f8460a279915f.php 第 122 行.
NOTIC: [8] Use of undefined constant gc_name - assumed 'gc_name' D:\wamp\www\ec_website\Application\Runtime\Cache\Shop\e6164b8df6840138d65f8460a279915f.php 第 122 行.
NOTIC: [8] Use of undefined constant gc_name - assumed 'gc_name' D:\wamp\www\ec_website\Application\Runtime\Cache\Shop\e6164b8df6840138d65f8460a279915f.php 第 119 行.
NOTIC: [8] Use of undefined constant class3 - assumed 'class3' D:\wamp\www\ec_website\Application\Runtime\Cache\Shop\e6164b8df6840138d65f8460a279915f.php 第 122 行.
NOTIC: [8] Use of undefined constant class3 - assumed 'class3' D:\wamp\www\ec_website\Application\Runtime\Cache\Shop\e6164b8df6840138d65f8460a279915f.php 第 122 行.
NOTIC: [8] Use of undefined constant gc_name - assumed 'gc_name' D:\wamp\www\ec_website\Application\Runtime\Cache\Shop\e6164b8df6840138d65f8460a279915f.php 第 122 行.
NOTIC: [8] Use of undefined constant gc_name - assumed 'gc_name' D:\wamp\www\ec_website\Application\Runtime\Cache\Shop\e6164b8df6840138d65f8460a279915f.php 第 122 行.
NOTIC: [8] Use of undefined constant gc_id - assumed 'gc_id' D:\wamp\www\ec_website\Application\Runtime\Cache\Shop\e6164b8df6840138d65f8460a279915f.php 第 117 行.
NOTIC: [8] Use of undefined constant class2 - assumed 'class2' D:\wamp\www\ec_website\Application\Runtime\Cache\Shop\e6164b8df6840138d65f8460a279915f.php 第 118 行.
NOTIC: [8] Use of undefined constant class2 - assumed 'class2' D:\wamp\www\ec_website\Application\Runtime\Cache\Shop\e6164b8df6840138d65f8460a279915f.php 第 118 行.
NOTIC: [8] Use of undefined constant gc_name - assumed 'gc_name' D:\wamp\www\ec_website\Application\Runtime\Cache\Shop\e6164b8df6840138d65f8460a279915f.php 第 119 行.
NOTIC: [8] Use of undefined constant class3 - assumed 'class3' D:\wamp\www\ec_website\Application\Runtime\Cache\Shop\e6164b8df6840138d65f8460a279915f.php 第 122 行.
NOTIC: [8] Use of undefined constant class3 - assumed 'class3' D:\wamp\www\ec_website\Application\Runtime\Cache\Shop\e6164b8df6840138d65f8460a279915f.php 第 122 行.
NOTIC: [8] Use of undefined constant gc_name - assumed 'gc_name' D:\wamp\www\ec_website\Application\Runtime\Cache\Shop\e6164b8df6840138d65f8460a279915f.php 第 122 行.
NOTIC: [8] Use of undefined constant gc_name - assumed 'gc_name' D:\wamp\www\ec_website\Application\Runtime\Cache\Shop\e6164b8df6840138d65f8460a279915f.php 第 122 行.
NOTIC: [8] Use of undefined constant gc_name - assumed 'gc_name' D:\wamp\www\ec_website\Application\Runtime\Cache\Shop\e6164b8df6840138d65f8460a279915f.php 第 119 行.
NOTIC: [8] Use of undefined constant class3 - assumed 'class3' D:\wamp\www\ec_website\Application\Runtime\Cache\Shop\e6164b8df6840138d65f8460a279915f.php 第 122 行.
NOTIC: [8] Use of undefined constant class3 - assumed 'class3' D:\wamp\www\ec_website\Application\Runtime\Cache\Shop\e6164b8df6840138d65f8460a279915f.php 第 122 行.
NOTIC: [8] Use of undefined constant gc_name - assumed 'gc_name' D:\wamp\www\ec_website\Application\Runtime\Cache\Shop\e6164b8df6840138d65f8460a279915f.php 第 122 行.
NOTIC: [8] Use of undefined constant gc_name - assumed 'gc_name' D:\wamp\www\ec_website\Application\Runtime\Cache\Shop\e6164b8df6840138d65f8460a279915f.php 第 122 行.
NOTIC: [8] Undefined variable: class_info D:\wamp\www\ec_website\Application\Runtime\Cache\Shop\e6164b8df6840138d65f8460a279915f.php 第 187 行.
NOTIC: [8] Undefined variable: choose_info D:\wamp\www\ec_website\Application\Runtime\Cache\Shop\e6164b8df6840138d65f8460a279915f.php 第 189 行.
INFO: Run Behavior\ParseTemplateBehavior [ RunTime:0.019002s ]
INFO: [ view_parse ] --END-- [ RunTime:0.019002s ]
INFO: [ view_filter ] --START--
INFO: Run Behavior\WriteHtmlCacheBehavior [ RunTime:0.000000s ]
INFO: [ view_filter ] --END-- [ RunTime:0.000000s ]
INFO: [ app_end ] --START--
INFO: Run Behavior\ShowPageTraceBehavior [ RunTime:0.000000s ]
INFO: [ app_end ] --END-- [ RunTime:0.000000s ]

[ 2016-03-15T14:10:29+08:00 ] ::1 /ec_website/index.php/Shop/Search
INFO: [ app_init ] --START--
INFO: Run Behavior\BuildLiteBehavior [ RunTime:0.001000s ]
INFO: [ app_init ] --END-- [ RunTime:0.001000s ]
INFO: [ app_begin ] --START--
INFO: Run Behavior\ReadHtmlCacheBehavior [ RunTime:0.001000s ]
INFO: [ app_begin ] --END-- [ RunTime:0.001000s ]
NOTIC: [8] A session had already been started - ignoring session_start() D:\wamp\www\ec_website\ThinkPHP\Common\functions.php 第 1263 行.
SQL: SHOW COLUMNS FROM `ec_goods_class` [ RunTime:0.0040s ]
SQL: SELECT * FROM `ec_goods_class` WHERE ( gc_parent_id=0 )  [ RunTime:0.0000s ]
SQL: SHOW COLUMNS FROM `ec_goods_class` [ RunTime:0.0020s ]
SQL: SELECT * FROM `ec_goods_class` WHERE `gc_parent_id` = '1'  [ RunTime:0.0000s ]
SQL: SHOW COLUMNS FROM `ec_goods_class` [ RunTime:0.0030s ]
SQL: SELECT * FROM `ec_goods_class` WHERE `gc_parent_id` = '3'  [ RunTime:0.0000s ]
SQL: SHOW COLUMNS FROM `ec_goods_class` [ RunTime:0.0050s ]
SQL: SELECT * FROM `ec_goods_class` WHERE `gc_parent_id` = '4'  [ RunTime:0.0000s ]
SQL: SHOW COLUMNS FROM `ec_goods_class` [ RunTime:0.0020s ]
SQL: SELECT * FROM `ec_goods_class` WHERE `gc_parent_id` = '2'  [ RunTime:0.0000s ]
SQL: SHOW COLUMNS FROM `ec_goods_class` [ RunTime:0.0020s ]
SQL: SELECT * FROM `ec_goods_class` WHERE `gc_parent_id` = '5'  [ RunTime:0.0010s ]
SQL: SHOW COLUMNS FROM `ec_goods_class` [ RunTime:0.0040s ]
SQL: SELECT * FROM `ec_goods_class` WHERE `gc_parent_id` = '6'  [ RunTime:0.0010s ]
SQL: SHOW COLUMNS FROM `ec_goods` [ RunTime:0.0030s ]
SQL: SELECT * FROM `ec_goods` LIMIT 250   [ RunTime:0.0000s ]
INFO: [ view_parse ] --START--
INFO: [ template_filter ] --START--
INFO: Run Behavior\ContentReplaceBehavior [ RunTime:0.000000s ]
INFO: [ template_filter ] --END-- [ RunTime:0.001000s ]
NOTIC: [8] Use of undefined constant gc_id - assumed 'gc_id' D:\wamp\www\ec_website\Application\Runtime\Cache\Shop\e6164b8df6840138d65f8460a279915f.php 第 113 行.
NOTIC: [8] Use of undefined constant gc_name - assumed 'gc_name' D:\wamp\www\ec_website\Application\Runtime\Cache\Shop\e6164b8df6840138d65f8460a279915f.php 第 113 行.
NOTIC: [8] Use of undefined constant gc_id - assumed 'gc_id' D:\wamp\www\ec_website\Application\Runtime\Cache\Shop\e6164b8df6840138d65f8460a279915f.php 第 113 行.
NOTIC: [8] Use of undefined constant gc_name - assumed 'gc_name' D:\wamp\www\ec_website\Application\Runtime\Cache\Shop\e6164b8df6840138d65f8460a279915f.php 第 113 行.
NOTIC: [8] Use of undefined constant gc_id - assumed 'gc_id' D:\wamp\www\ec_website\Application\Runtime\Cache\Shop\e6164b8df6840138d65f8460a279915f.php 第 117 行.
NOTIC: [8] Use of undefined constant class2 - assumed 'class2' D:\wamp\www\ec_website\Application\Runtime\Cache\Shop\e6164b8df6840138d65f8460a279915f.php 第 118 行.
NOTIC: [8] Use of undefined constant class2 - assumed 'class2' D:\wamp\www\ec_website\Application\Runtime\Cache\Shop\e6164b8df6840138d65f8460a279915f.php 第 118 行.
NOTIC: [8] Use of undefined constant gc_name - assumed 'gc_name' D:\wamp\www\ec_website\Application\Runtime\Cache\Shop\e6164b8df6840138d65f8460a279915f.php 第 119 行.
NOTIC: [8] Use of undefined constant class3 - assumed 'class3' D:\wamp\www\ec_website\Application\Runtime\Cache\Shop\e6164b8df6840138d65f8460a279915f.php 第 122 行.
NOTIC: [8] Use of undefined constant class3 - assumed 'class3' D:\wamp\www\ec_website\Application\Runtime\Cache\Shop\e6164b8df6840138d65f8460a279915f.php 第 122 行.
NOTIC: [8] Use of undefined constant gc_name - assumed 'gc_name' D:\wamp\www\ec_website\Application\Runtime\Cache\Shop\e6164b8df6840138d65f8460a279915f.php 第 122 行.
NOTIC: [8] Use of undefined constant gc_name - assumed 'gc_name' D:\wamp\www\ec_website\Application\Runtime\Cache\Shop\e6164b8df6840138d65f8460a279915f.php 第 122 行.
NOTIC: [8] Use of undefined constant gc_name - assumed 'gc_name' D:\wamp\www\ec_website\Application\Runtime\Cache\Shop\e6164b8df6840138d65f8460a279915f.php 第 119 行.
NOTIC: [8] Use of undefined constant class3 - assumed 'class3' D:\wamp\www\ec_website\Application\Runtime\Cache\Shop\e6164b8df6840138d65f8460a279915f.php 第 122 行.
NOTIC: [8] Use of undefined constant class3 - assumed 'class3' D:\wamp\www\ec_website\Application\Runtime\Cache\Shop\e6164b8df6840138d65f8460a279915f.php 第 122 行.
NOTIC: [8] Use of undefined constant gc_name - assumed 'gc_name' D:\wamp\www\ec_website\Application\Runtime\Cache\Shop\e6164b8df6840138d65f8460a279915f.php 第 122 行.
NOTIC: [8] Use of undefined constant gc_name - assumed 'gc_name' D:\wamp\www\ec_website\Application\Runtime\Cache\Shop\e6164b8df6840138d65f8460a279915f.php 第 122 行.
NOTIC: [8] Use of undefined constant gc_id - assumed 'gc_id' D:\wamp\www\ec_website\Application\Runtime\Cache\Shop\e6164b8df6840138d65f8460a279915f.php 第 117 行.
NOTIC: [8] Use of undefined constant class2 - assumed 'class2' D:\wamp\www\ec_website\Application\Runtime\Cache\Shop\e6164b8df6840138d65f8460a279915f.php 第 118 行.
NOTIC: [8] Use of undefined constant class2 - assumed 'class2' D:\wamp\www\ec_website\Application\Runtime\Cache\Shop\e6164b8df6840138d65f8460a279915f.php 第 118 行.
NOTIC: [8] Use of undefined constant gc_name - assumed 'gc_name' D:\wamp\www\ec_website\Application\Runtime\Cache\Shop\e6164b8df6840138d65f8460a279915f.php 第 119 行.
NOTIC: [8] Use of undefined constant class3 - assumed 'class3' D:\wamp\www\ec_website\Application\Runtime\Cache\Shop\e6164b8df6840138d65f8460a279915f.php 第 122 行.
NOTIC: [8] Use of undefined constant class3 - assumed 'class3' D:\wamp\www\ec_website\Application\Runtime\Cache\Shop\e6164b8df6840138d65f8460a279915f.php 第 122 行.
NOTIC: [8] Use of undefined constant gc_name - assumed 'gc_name' D:\wamp\www\ec_website\Application\Runtime\Cache\Shop\e6164b8df6840138d65f8460a279915f.php 第 122 行.
NOTIC: [8] Use of undefined constant gc_name - assumed 'gc_name' D:\wamp\www\ec_website\Application\Runtime\Cache\Shop\e6164b8df6840138d65f8460a279915f.php 第 122 行.
NOTIC: [8] Use of undefined constant gc_name - assumed 'gc_name' D:\wamp\www\ec_website\Application\Runtime\Cache\Shop\e6164b8df6840138d65f8460a279915f.php 第 119 行.
NOTIC: [8] Use of undefined constant class3 - assumed 'class3' D:\wamp\www\ec_website\Application\Runtime\Cache\Shop\e6164b8df6840138d65f8460a279915f.php 第 122 行.
NOTIC: [8] Use of undefined constant class3 - assumed 'class3' D:\wamp\www\ec_website\Application\Runtime\Cache\Shop\e6164b8df6840138d65f8460a279915f.php 第 122 行.
NOTIC: [8] Use of undefined constant gc_name - assumed 'gc_name' D:\wamp\www\ec_website\Application\Runtime\Cache\Shop\e6164b8df6840138d65f8460a279915f.php 第 122 行.
NOTIC: [8] Use of undefined constant gc_name - assumed 'gc_name' D:\wamp\www\ec_website\Application\Runtime\Cache\Shop\e6164b8df6840138d65f8460a279915f.php 第 122 行.
NOTIC: [8] Undefined variable: class_info D:\wamp\www\ec_website\Application\Runtime\Cache\Shop\e6164b8df6840138d65f8460a279915f.php 第 187 行.
NOTIC: [8] Undefined variable: choose_info D:\wamp\www\ec_website\Application\Runtime\Cache\Shop\e6164b8df6840138d65f8460a279915f.php 第 189 行.
INFO: Run Behavior\ParseTemplateBehavior [ RunTime:0.017001s ]
INFO: [ view_parse ] --END-- [ RunTime:0.017001s ]
INFO: [ view_filter ] --START--
INFO: Run Behavior\WriteHtmlCacheBehavior [ RunTime:0.000000s ]
INFO: [ view_filter ] --END-- [ RunTime:0.000000s ]
INFO: [ app_end ] --START--
INFO: Run Behavior\ShowPageTraceBehavior [ RunTime:0.001000s ]
INFO: [ app_end ] --END-- [ RunTime:0.001000s ]

[ 2016-03-15T15:18:27+08:00 ] 192.168.123.1 /ec_website/
INFO: [ app_init ] --START--
INFO: Run Behavior\BuildLiteBehavior [ RunTime:0.000000s ]
INFO: [ app_init ] --END-- [ RunTime:0.001000s ]
INFO: [ app_begin ] --START--
INFO: Run Behavior\ReadHtmlCacheBehavior [ RunTime:0.000000s ]
INFO: [ app_begin ] --END-- [ RunTime:0.001000s ]
NOTIC: [8] A session had already been started - ignoring session_start() D:\wamp\www\ec_website\ThinkPHP\Common\functions.php 第 1263 行.

[ 2016-03-15T15:55:39+08:00 ] ::1 /ec_website/index.php/Shop/Search/demo
INFO: [ app_init ] --START--
INFO: Run Behavior\BuildLiteBehavior [ RunTime:0.000000s ]
INFO: [ app_init ] --END-- [ RunTime:0.001000s ]
INFO: [ app_begin ] --START--
INFO: Run Behavior\ReadHtmlCacheBehavior [ RunTime:0.000000s ]
INFO: [ app_begin ] --END-- [ RunTime:0.001000s ]
NOTIC: [8] A session had already been started - ignoring session_start() D:\wamp\www\ec_website\ThinkPHP\Common\functions.php 第 1263 行.
SQL: SHOW COLUMNS FROM `ec_goods_class` [ RunTime:0.0020s ]
SQL: SELECT * FROM `ec_goods_class` WHERE ( gc_parent_id=0 )  [ RunTime:0.0010s ]
SQL: SHOW COLUMNS FROM `ec_goods_class` [ RunTime:0.0020s ]
SQL: SELECT * FROM `ec_goods_class` WHERE `gc_parent_id` = '1'  [ RunTime:0.0010s ]
SQL: SHOW COLUMNS FROM `ec_goods_class` [ RunTime:0.0020s ]
SQL: SELECT * FROM `ec_goods_class` WHERE `gc_parent_id` = '3'  [ RunTime:0.0010s ]
SQL: SHOW COLUMNS FROM `ec_goods_class` [ RunTime:0.0020s ]
SQL: SELECT * FROM `ec_goods_class` WHERE `gc_parent_id` = '4'  [ RunTime:0.0010s ]
SQL: SHOW COLUMNS FROM `ec_goods_class` [ RunTime:0.0030s ]
SQL: SELECT * FROM `ec_goods_class` WHERE `gc_parent_id` = '2'  [ RunTime:0.0010s ]
SQL: SHOW COLUMNS FROM `ec_goods_class` [ RunTime:0.0020s ]
SQL: SELECT * FROM `ec_goods_class` WHERE `gc_parent_id` = '5'  [ RunTime:0.0010s ]
SQL: SHOW COLUMNS FROM `ec_goods_class` [ RunTime:0.0020s ]
SQL: SELECT * FROM `ec_goods_class` WHERE `gc_parent_id` = '6'  [ RunTime:0.0010s ]
INFO: [ app_end ] --START--
INFO: Run Behavior\ShowPageTraceBehavior [ RunTime:0.001000s ]
INFO: [ app_end ] --END-- [ RunTime:0.001000s ]

[ 2016-03-15T15:55:51+08:00 ] ::1 /ec_website/index.php/Shop/Search/demo
INFO: [ app_init ] --START--
INFO: Run Behavior\BuildLiteBehavior [ RunTime:0.000000s ]
INFO: [ app_init ] --END-- [ RunTime:0.001000s ]
INFO: [ app_begin ] --START--
INFO: Run Behavior\ReadHtmlCacheBehavior [ RunTime:0.001000s ]
INFO: [ app_begin ] --END-- [ RunTime:0.001000s ]
NOTIC: [8] A session had already been started - ignoring session_start() D:\wamp\www\ec_website\ThinkPHP\Common\functions.php 第 1263 行.
SQL: SHOW COLUMNS FROM `ec_goods_class` [ RunTime:0.0030s ]
SQL: SELECT * FROM `ec_goods_class` WHERE ( gc_parent_id=0 )  [ RunTime:0.0010s ]
SQL: SHOW COLUMNS FROM `ec_goods_class` [ RunTime:0.0020s ]
SQL: SELECT * FROM `ec_goods_class` WHERE `gc_parent_id` = '1'  [ RunTime:0.0000s ]
SQL: SHOW COLUMNS FROM `ec_goods_class` [ RunTime:0.0020s ]
SQL: SELECT * FROM `ec_goods_class` WHERE `gc_parent_id` = '3'  [ RunTime:0.0000s ]
SQL: SHOW COLUMNS FROM `ec_goods_class` [ RunTime:0.0020s ]
SQL: SELECT * FROM `ec_goods_class` WHERE `gc_parent_id` = '4'  [ RunTime:0.0010s ]
SQL: SHOW COLUMNS FROM `ec_goods_class` [ RunTime:0.0020s ]
SQL: SELECT * FROM `ec_goods_class` WHERE `gc_parent_id` = '2'  [ RunTime:0.0000s ]
SQL: SHOW COLUMNS FROM `ec_goods_class` [ RunTime:0.0020s ]
SQL: SELECT * FROM `ec_goods_class` WHERE `gc_parent_id` = '5'  [ RunTime:0.0020s ]
SQL: SHOW COLUMNS FROM `ec_goods_class` [ RunTime:0.0020s ]
SQL: SELECT * FROM `ec_goods_class` WHERE `gc_parent_id` = '6'  [ RunTime:0.0000s ]

[ 2016-03-15T15:56:53+08:00 ] ::1 /ec_website/index.php/Shop/Search/demo
INFO: [ app_init ] --START--
INFO: Run Behavior\BuildLiteBehavior [ RunTime:0.000000s ]
INFO: [ app_init ] --END-- [ RunTime:0.000000s ]
INFO: [ app_begin ] --START--
INFO: Run Behavior\ReadHtmlCacheBehavior [ RunTime:0.000000s ]
INFO: [ app_begin ] --END-- [ RunTime:0.000000s ]
NOTIC: [8] A session had already been started - ignoring session_start() D:\wamp\www\ec_website\ThinkPHP\Common\functions.php 第 1263 行.
SQL: SHOW COLUMNS FROM `ec_goods_class` [ RunTime:0.0020s ]
SQL: SELECT * FROM `ec_goods_class` WHERE ( gc_parent_id=0 )  [ RunTime:0.0010s ]
SQL: SHOW COLUMNS FROM `ec_goods_class` [ RunTime:0.0030s ]
SQL: SELECT * FROM `ec_goods_class` WHERE `gc_parent_id` = '1'  [ RunTime:0.0000s ]
SQL: SHOW COLUMNS FROM `ec_goods_class` [ RunTime:0.0020s ]
SQL: SELECT * FROM `ec_goods_class` WHERE `gc_parent_id` = '3'  [ RunTime:0.0000s ]
SQL: SHOW COLUMNS FROM `ec_goods_class` [ RunTime:0.0020s ]
SQL: SELECT * FROM `ec_goods_class` WHERE `gc_parent_id` = '4'  [ RunTime:0.0000s ]
SQL: SHOW COLUMNS FROM `ec_goods_class` [ RunTime:0.0020s ]
SQL: SELECT * FROM `ec_goods_class` WHERE `gc_parent_id` = '2'  [ RunTime:0.0000s ]
SQL: SHOW COLUMNS FROM `ec_goods_class` [ RunTime:0.0020s ]
SQL: SELECT * FROM `ec_goods_class` WHERE `gc_parent_id` = '5'  [ RunTime:0.0000s ]
SQL: SHOW COLUMNS FROM `ec_goods_class` [ RunTime:0.0030s ]
SQL: SELECT * FROM `ec_goods_class` WHERE `gc_parent_id` = '6'  [ RunTime:0.0000s ]
SQL: SHOW COLUMNS FROM `ec_goods` [ RunTime:0.0020s ]
SQL: SELECT * FROM `ec_goods`  [ RunTime:0.0010s ]

[ 2016-03-15T15:57:15+08:00 ] ::1 /ec_website/index.php/Shop/Search/demo
INFO: [ app_init ] --START--
INFO: Run Behavior\BuildLiteBehavior [ RunTime:0.000000s ]
INFO: [ app_init ] --END-- [ RunTime:0.001000s ]
INFO: [ app_begin ] --START--
INFO: Run Behavior\ReadHtmlCacheBehavior [ RunTime:0.000000s ]
INFO: [ app_begin ] --END-- [ RunTime:0.000000s ]
NOTIC: [8] A session had already been started - ignoring session_start() D:\wamp\www\ec_website\ThinkPHP\Common\functions.php 第 1263 行.
SQL: SHOW COLUMNS FROM `ec_goods_class` [ RunTime:0.0020s ]
SQL: SELECT * FROM `ec_goods_class` WHERE ( gc_parent_id=0 )  [ RunTime:0.0000s ]
SQL: SHOW COLUMNS FROM `ec_goods_class` [ RunTime:0.0020s ]
SQL: SELECT * FROM `ec_goods_class` WHERE `gc_parent_id` = '1'  [ RunTime:0.0000s ]
SQL: SHOW COLUMNS FROM `ec_goods_class` [ RunTime:0.0020s ]
SQL: SELECT * FROM `ec_goods_class` WHERE `gc_parent_id` = '3'  [ RunTime:0.0000s ]
SQL: SHOW COLUMNS FROM `ec_goods_class` [ RunTime:0.0020s ]
SQL: SELECT * FROM `ec_goods_class` WHERE `gc_parent_id` = '4'  [ RunTime:0.0000s ]
SQL: SHOW COLUMNS FROM `ec_goods_class` [ RunTime:0.0030s ]
SQL: SELECT * FROM `ec_goods_class` WHERE `gc_parent_id` = '2'  [ RunTime:0.0000s ]
SQL: SHOW COLUMNS FROM `ec_goods_class` [ RunTime:0.0030s ]
SQL: SELECT * FROM `ec_goods_class` WHERE `gc_parent_id` = '5'  [ RunTime:0.0000s ]
SQL: SHOW COLUMNS FROM `ec_goods_class` [ RunTime:0.0020s ]
SQL: SELECT * FROM `ec_goods_class` WHERE `gc_parent_id` = '6'  [ RunTime:0.0000s ]
SQL: SHOW COLUMNS FROM `ec_goods` [ RunTime:0.0020s ]
SQL: SELECT * FROM `ec_goods`  [ RunTime:0.0010s ]

[ 2016-03-15T15:57:16+08:00 ] ::1 /ec_website/index.php/Shop/Search/demo
INFO: [ app_init ] --START--
INFO: Run Behavior\BuildLiteBehavior [ RunTime:0.000000s ]
INFO: [ app_init ] --END-- [ RunTime:0.001000s ]
INFO: [ app_begin ] --START--
INFO: Run Behavior\ReadHtmlCacheBehavior [ RunTime:0.000000s ]
INFO: [ app_begin ] --END-- [ RunTime:0.000000s ]
NOTIC: [8] A session had already been started - ignoring session_start() D:\wamp\www\ec_website\ThinkPHP\Common\functions.php 第 1263 行.
SQL: SHOW COLUMNS FROM `ec_goods_class` [ RunTime:0.0020s ]
SQL: SELECT * FROM `ec_goods_class` WHERE ( gc_parent_id=0 )  [ RunTime:0.0000s ]
SQL: SHOW COLUMNS FROM `ec_goods_class` [ RunTime:0.0030s ]
SQL: SELECT * FROM `ec_goods_class` WHERE `gc_parent_id` = '1'  [ RunTime:0.0000s ]
SQL: SHOW COLUMNS FROM `ec_goods_class` [ RunTime:0.0020s ]
SQL: SELECT * FROM `ec_goods_class` WHERE `gc_parent_id` = '3'  [ RunTime:0.0000s ]
SQL: SHOW COLUMNS FROM `ec_goods_class` [ RunTime:0.0030s ]
SQL: SELECT * FROM `ec_goods_class` WHERE `gc_parent_id` = '4'  [ RunTime:0.0010s ]
SQL: SHOW COLUMNS FROM `ec_goods_class` [ RunTime:0.0020s ]
SQL: SELECT * FROM `ec_goods_class` WHERE `gc_parent_id` = '2'  [ RunTime:0.0000s ]
SQL: SHOW COLUMNS FROM `ec_goods_class` [ RunTime:0.0020s ]
SQL: SELECT * FROM `ec_goods_class` WHERE `gc_parent_id` = '5'  [ RunTime:0.0010s ]
SQL: SHOW COLUMNS FROM `ec_goods_class` [ RunTime:0.0020s ]
SQL: SELECT * FROM `ec_goods_class` WHERE `gc_parent_id` = '6'  [ RunTime:0.0010s ]
SQL: SHOW COLUMNS FROM `ec_goods` [ RunTime:0.0020s ]
SQL: SELECT * FROM `ec_goods`  [ RunTime:0.0000s ]

[ 2016-03-15T16:14:04+08:00 ] ::1 /ec_website/index.php/Shop/Search/demo
INFO: [ app_init ] --START--
INFO: Run Behavior\BuildLiteBehavior [ RunTime:0.000000s ]
INFO: [ app_init ] --END-- [ RunTime:0.001000s ]
INFO: [ app_begin ] --START--
INFO: Run Behavior\ReadHtmlCacheBehavior [ RunTime:0.000000s ]
INFO: [ app_begin ] --END-- [ RunTime:0.000000s ]
NOTIC: [8] A session had already been started - ignoring session_start() D:\wamp\www\ec_website\ThinkPHP\Common\functions.php 第 1263 行.
SQL: SHOW COLUMNS FROM `ec_goods_class` [ RunTime:0.0020s ]
SQL: SELECT * FROM `ec_goods_class` WHERE ( gc_parent_id=0 )  [ RunTime:0.0010s ]
SQL: SHOW COLUMNS FROM `ec_goods_class` [ RunTime:0.0020s ]
SQL: SELECT * FROM `ec_goods_class` WHERE `gc_parent_id` = '1'  [ RunTime:0.0010s ]
SQL: SHOW COLUMNS FROM `ec_goods_class` [ RunTime:0.0020s ]
SQL: SELECT * FROM `ec_goods_class` WHERE `gc_parent_id` = '3'  [ RunTime:0.0000s ]
SQL: SHOW COLUMNS FROM `ec_goods_class` [ RunTime:0.0020s ]
SQL: SELECT * FROM `ec_goods_class` WHERE `gc_parent_id` = '4'  [ RunTime:0.0000s ]
SQL: SHOW COLUMNS FROM `ec_goods_class` [ RunTime:0.0020s ]
SQL: SELECT * FROM `ec_goods_class` WHERE `gc_parent_id` = '2'  [ RunTime:0.0000s ]
SQL: SHOW COLUMNS FROM `ec_goods_class` [ RunTime:0.0020s ]
SQL: SELECT * FROM `ec_goods_class` WHERE `gc_parent_id` = '5'  [ RunTime:0.0000s ]
SQL: SHOW COLUMNS FROM `ec_goods_class` [ RunTime:0.0030s ]
SQL: SELECT * FROM `ec_goods_class` WHERE `gc_parent_id` = '6'  [ RunTime:0.0010s ]

[ 2016-03-15T16:14:06+08:00 ] ::1 /ec_website/index.php/Shop/Search/demo
INFO: [ app_init ] --START--
INFO: Run Behavior\BuildLiteBehavior [ RunTime:0.000000s ]
INFO: [ app_init ] --END-- [ RunTime:0.001000s ]
INFO: [ app_begin ] --START--
INFO: Run Behavior\ReadHtmlCacheBehavior [ RunTime:0.001000s ]
INFO: [ app_begin ] --END-- [ RunTime:0.001000s ]
NOTIC: [8] A session had already been started - ignoring session_start() D:\wamp\www\ec_website\ThinkPHP\Common\functions.php 第 1263 行.
SQL: SHOW COLUMNS FROM `ec_goods_class` [ RunTime:0.0050s ]
SQL: SELECT * FROM `ec_goods_class` WHERE ( gc_parent_id=0 )  [ RunTime:0.0010s ]
SQL: SHOW COLUMNS FROM `ec_goods_class` [ RunTime:0.0030s ]
SQL: SELECT * FROM `ec_goods_class` WHERE `gc_parent_id` = '1'  [ RunTime:0.0000s ]
SQL: SHOW COLUMNS FROM `ec_goods_class` [ RunTime:0.0030s ]
SQL: SELECT * FROM `ec_goods_class` WHERE `gc_parent_id` = '3'  [ RunTime:0.0010s ]
SQL: SHOW COLUMNS FROM `ec_goods_class` [ RunTime:0.0030s ]
SQL: SELECT * FROM `ec_goods_class` WHERE `gc_parent_id` = '4'  [ RunTime:0.0010s ]
SQL: SHOW COLUMNS FROM `ec_goods_class` [ RunTime:0.0030s ]
SQL: SELECT * FROM `ec_goods_class` WHERE `gc_parent_id` = '2'  [ RunTime:0.0000s ]
SQL: SHOW COLUMNS FROM `ec_goods_class` [ RunTime:0.0030s ]
SQL: SELECT * FROM `ec_goods_class` WHERE `gc_parent_id` = '5'  [ RunTime:0.0000s ]
SQL: SHOW COLUMNS FROM `ec_goods_class` [ RunTime:0.0020s ]
SQL: SELECT * FROM `ec_goods_class` WHERE `gc_parent_id` = '6'  [ RunTime:0.0000s ]

[ 2016-03-15T16:46:01+08:00 ] ::1 /ec_website/index.php/Shop/Search/demo
INFO: [ app_init ] --START--
INFO: Run Behavior\BuildLiteBehavior [ RunTime:0.000000s ]
INFO: [ app_init ] --END-- [ RunTime:0.001000s ]
INFO: [ app_begin ] --START--
INFO: Run Behavior\ReadHtmlCacheBehavior [ RunTime:0.000000s ]
INFO: [ app_begin ] --END-- [ RunTime:0.001000s ]
NOTIC: [8] A session had already been started - ignoring session_start() D:\wamp\www\ec_website\ThinkPHP\Common\functions.php 第 1263 行.
SQL: SHOW COLUMNS FROM `ec_goods_class` [ RunTime:0.0030s ]
SQL: SELECT * FROM `ec_goods_class` WHERE ( gc_parent_id=0 )  [ RunTime:0.0010s ]
SQL: SHOW COLUMNS FROM `ec_goods_class` [ RunTime:0.0020s ]
SQL: SELECT * FROM `ec_goods_class` WHERE `gc_parent_id` = '1'  [ RunTime:0.0010s ]
SQL: SHOW COLUMNS FROM `ec_goods_class` [ RunTime:0.0020s ]
SQL: SELECT * FROM `ec_goods_class` WHERE `gc_parent_id` = '3'  [ RunTime:0.0000s ]
SQL: SHOW COLUMNS FROM `ec_goods_class` [ RunTime:0.0030s ]
SQL: SELECT * FROM `ec_goods_class` WHERE `gc_parent_id` = '4'  [ RunTime:0.0000s ]
SQL: SHOW COLUMNS FROM `ec_goods_class` [ RunTime:0.0020s ]
SQL: SELECT * FROM `ec_goods_class` WHERE `gc_parent_id` = '2'  [ RunTime:0.0000s ]
SQL: SHOW COLUMNS FROM `ec_goods_class` [ RunTime:0.0020s ]
SQL: SELECT * FROM `ec_goods_class` WHERE `gc_parent_id` = '5'  [ RunTime:0.0000s ]
SQL: SHOW COLUMNS FROM `ec_goods_class` [ RunTime:0.0020s ]
SQL: SELECT * FROM `ec_goods_class` WHERE `gc_parent_id` = '6'  [ RunTime:0.0000s ]
SQL: SHOW COLUMNS FROM `ec_goods` [ RunTime:0.0030s ]
SQL: SELECT * FROM `ec_goods`  [ RunTime:0.0000s ]

[ 2016-03-15T16:48:09+08:00 ] ::1 /ec_website/index.php/Shop/Search/demo
INFO: [ app_init ] --START--
INFO: Run Behavior\BuildLiteBehavior [ RunTime:0.000000s ]
INFO: [ app_init ] --END-- [ RunTime:0.000000s ]
INFO: [ app_begin ] --START--
INFO: Run Behavior\ReadHtmlCacheBehavior [ RunTime:0.000000s ]
INFO: [ app_begin ] --END-- [ RunTime:0.000000s ]
NOTIC: [8] A session had already been started - ignoring session_start() D:\wamp\www\ec_website\ThinkPHP\Common\functions.php 第 1263 行.
SQL: SHOW COLUMNS FROM `ec_goods_class` [ RunTime:0.0020s ]
SQL: SELECT * FROM `ec_goods_class` WHERE ( gc_parent_id=0 )  [ RunTime:0.0000s ]
SQL: SHOW COLUMNS FROM `ec_goods_class` [ RunTime:0.0020s ]
SQL: SELECT * FROM `ec_goods_class` WHERE `gc_parent_id` = '1'  [ RunTime:0.0010s ]
SQL: SHOW COLUMNS FROM `ec_goods_class` [ RunTime:0.0020s ]
SQL: SELECT * FROM `ec_goods_class` WHERE `gc_parent_id` = '3'  [ RunTime:0.0000s ]
SQL: SHOW COLUMNS FROM `ec_goods_class` [ RunTime:0.0030s ]
SQL: SELECT * FROM `ec_goods_class` WHERE `gc_parent_id` = '4'  [ RunTime:0.0000s ]
SQL: SHOW COLUMNS FROM `ec_goods_class` [ RunTime:0.0020s ]
SQL: SELECT * FROM `ec_goods_class` WHERE `gc_parent_id` = '2'  [ RunTime:0.0000s ]
SQL: SHOW COLUMNS FROM `ec_goods_class` [ RunTime:0.0020s ]
SQL: SELECT * FROM `ec_goods_class` WHERE `gc_parent_id` = '5'  [ RunTime:0.0000s ]
SQL: SHOW COLUMNS FROM `ec_goods_class` [ RunTime:0.0020s ]
SQL: SELECT * FROM `ec_goods_class` WHERE `gc_parent_id` = '6'  [ RunTime:0.0000s ]
SQL: SHOW COLUMNS FROM `ec_goods` [ RunTime:0.0020s ]
SQL: SELECT * FROM `ec_goods`  [ RunTime:0.0000s ]

[ 2016-03-15T16:48:10+08:00 ] ::1 /ec_website/index.php/Shop/Search/demo
INFO: [ app_init ] --START--
INFO: Run Behavior\BuildLiteBehavior [ RunTime:0.000000s ]
INFO: [ app_init ] --END-- [ RunTime:0.001000s ]
INFO: [ app_begin ] --START--
INFO: Run Behavior\ReadHtmlCacheBehavior [ RunTime:0.000000s ]
INFO: [ app_begin ] --END-- [ RunTime:0.001000s ]
NOTIC: [8] A session had already been started - ignoring session_start() D:\wamp\www\ec_website\ThinkPHP\Common\functions.php 第 1263 行.
SQL: SHOW COLUMNS FROM `ec_goods_class` [ RunTime:0.0020s ]
SQL: SELECT * FROM `ec_goods_class` WHERE ( gc_parent_id=0 )  [ RunTime:0.0010s ]
SQL: SHOW COLUMNS FROM `ec_goods_class` [ RunTime:0.0030s ]
SQL: SELECT * FROM `ec_goods_class` WHERE `gc_parent_id` = '1'  [ RunTime:0.0000s ]
SQL: SHOW COLUMNS FROM `ec_goods_class` [ RunTime:0.0020s ]
SQL: SELECT * FROM `ec_goods_class` WHERE `gc_parent_id` = '3'  [ RunTime:0.0000s ]
SQL: SHOW COLUMNS FROM `ec_goods_class` [ RunTime:0.0020s ]
SQL: SELECT * FROM `ec_goods_class` WHERE `gc_parent_id` = '4'  [ RunTime:0.0000s ]
SQL: SHOW COLUMNS FROM `ec_goods_class` [ RunTime:0.0030s ]
SQL: SELECT * FROM `ec_goods_class` WHERE `gc_parent_id` = '2'  [ RunTime:0.0000s ]
SQL: SHOW COLUMNS FROM `ec_goods_class` [ RunTime:0.0010s ]
SQL: SELECT * FROM `ec_goods_class` WHERE `gc_parent_id` = '5'  [ RunTime:0.0000s ]
SQL: SHOW COLUMNS FROM `ec_goods_class` [ RunTime:0.0020s ]
SQL: SELECT * FROM `ec_goods_class` WHERE `gc_parent_id` = '6'  [ RunTime:0.0000s ]
SQL: SHOW COLUMNS FROM `ec_goods` [ RunTime:0.0020s ]
SQL: SELECT * FROM `ec_goods`  [ RunTime:0.0000s ]

[ 2016-03-15T16:50:26+08:00 ] ::1 /ec_website/index.php/Shop/Search/demo
INFO: [ app_init ] --START--
INFO: Run Behavior\BuildLiteBehavior [ RunTime:0.000000s ]
INFO: [ app_init ] --END-- [ RunTime:0.001000s ]
INFO: [ app_begin ] --START--
INFO: Run Behavior\ReadHtmlCacheBehavior [ RunTime:0.001000s ]
INFO: [ app_begin ] --END-- [ RunTime:0.001000s ]
NOTIC: [8] A session had already been started - ignoring session_start() D:\wamp\www\ec_website\ThinkPHP\Common\functions.php 第 1263 行.
SQL: SHOW COLUMNS FROM `ec_goods_class` [ RunTime:0.0030s ]
SQL: SELECT * FROM `ec_goods_class` WHERE ( gc_parent_id=0 )  [ RunTime:0.0000s ]
SQL: SHOW COLUMNS FROM `ec_goods_class` [ RunTime:0.0030s ]
SQL: SELECT * FROM `ec_goods_class` WHERE `gc_parent_id` = '1'  [ RunTime:0.0000s ]
SQL: SHOW COLUMNS FROM `ec_goods_class` [ RunTime:0.0030s ]
SQL: SELECT * FROM `ec_goods_class` WHERE `gc_parent_id` = '3'  [ RunTime:0.0000s ]
SQL: SHOW COLUMNS FROM `ec_goods_class` [ RunTime:0.0020s ]
SQL: SELECT * FROM `ec_goods_class` WHERE `gc_parent_id` = '4'  [ RunTime:0.0000s ]
SQL: SHOW COLUMNS FROM `ec_goods_class` [ RunTime:0.0020s ]
SQL: SELECT * FROM `ec_goods_class` WHERE `gc_parent_id` = '2'  [ RunTime:0.0000s ]
SQL: SHOW COLUMNS FROM `ec_goods_class` [ RunTime:0.0030s ]
SQL: SELECT * FROM `ec_goods_class` WHERE `gc_parent_id` = '5'  [ RunTime:0.0000s ]
SQL: SHOW COLUMNS FROM `ec_goods_class` [ RunTime:0.0030s ]
SQL: SELECT * FROM `ec_goods_class` WHERE `gc_parent_id` = '6'  [ RunTime:0.0000s ]
SQL: SHOW COLUMNS FROM `ec_evaluation` [ RunTime:0.0020s ]
SQL: SELECT * FROM `ec_evaluation`  [ RunTime:0.0010s ]

[ 2016-03-15T16:50:30+08:00 ] ::1 /ec_website/index.php/Shop/Search/demo
INFO: [ app_init ] --START--
INFO: Run Behavior\BuildLiteBehavior [ RunTime:0.001000s ]
INFO: [ app_init ] --END-- [ RunTime:0.001000s ]
INFO: [ app_begin ] --START--
INFO: Run Behavior\ReadHtmlCacheBehavior [ RunTime:0.001000s ]
INFO: [ app_begin ] --END-- [ RunTime:0.001000s ]
NOTIC: [8] A session had already been started - ignoring session_start() D:\wamp\www\ec_website\ThinkPHP\Common\functions.php 第 1263 行.
SQL: SHOW COLUMNS FROM `ec_goods_class` [ RunTime:0.0020s ]
SQL: SELECT * FROM `ec_goods_class` WHERE ( gc_parent_id=0 )  [ RunTime:0.0000s ]
SQL: SHOW COLUMNS FROM `ec_goods_class` [ RunTime:0.0040s ]
SQL: SELECT * FROM `ec_goods_class` WHERE `gc_parent_id` = '1'  [ RunTime:0.0000s ]
SQL: SHOW COLUMNS FROM `ec_goods_class` [ RunTime:0.0020s ]
SQL: SELECT * FROM `ec_goods_class` WHERE `gc_parent_id` = '3'  [ RunTime:0.0010s ]
SQL: SHOW COLUMNS FROM `ec_goods_class` [ RunTime:0.0020s ]
SQL: SELECT * FROM `ec_goods_class` WHERE `gc_parent_id` = '4'  [ RunTime:0.0000s ]
SQL: SHOW COLUMNS FROM `ec_goods_class` [ RunTime:0.0020s ]
SQL: SELECT * FROM `ec_goods_class` WHERE `gc_parent_id` = '2'  [ RunTime:0.0000s ]
SQL: SHOW COLUMNS FROM `ec_goods_class` [ RunTime:0.0030s ]
SQL: SELECT * FROM `ec_goods_class` WHERE `gc_parent_id` = '5'  [ RunTime:0.0000s ]
SQL: SHOW COLUMNS FROM `ec_goods_class` [ RunTime:0.0020s ]
SQL: SELECT * FROM `ec_goods_class` WHERE `gc_parent_id` = '6'  [ RunTime:0.0010s ]
SQL: SHOW COLUMNS FROM `ec_goods` [ RunTime:0.0020s ]
SQL: SELECT * FROM `ec_goods`  [ RunTime:0.0000s ]

[ 2016-03-15T16:50:40+08:00 ] ::1 /ec_website/index.php/Shop/Search/demo
INFO: [ app_init ] --START--
INFO: Run Behavior\BuildLiteBehavior [ RunTime:0.000000s ]
INFO: [ app_init ] --END-- [ RunTime:0.001000s ]
INFO: [ app_begin ] --START--
INFO: Run Behavior\ReadHtmlCacheBehavior [ RunTime:0.000000s ]
INFO: [ app_begin ] --END-- [ RunTime:0.000000s ]
NOTIC: [8] A session had already been started - ignoring session_start() D:\wamp\www\ec_website\ThinkPHP\Common\functions.php 第 1263 行.
SQL: SHOW COLUMNS FROM `ec_goods_class` [ RunTime:0.0020s ]
SQL: SELECT * FROM `ec_goods_class` WHERE ( gc_parent_id=0 )  [ RunTime:0.0000s ]
SQL: SHOW COLUMNS FROM `ec_goods_class` [ RunTime:0.0020s ]
SQL: SELECT * FROM `ec_goods_class` WHERE `gc_parent_id` = '1'  [ RunTime:0.0000s ]
SQL: SHOW COLUMNS FROM `ec_goods_class` [ RunTime:0.0030s ]
SQL: SELECT * FROM `ec_goods_class` WHERE `gc_parent_id` = '3'  [ RunTime:0.0000s ]
SQL: SHOW COLUMNS FROM `ec_goods_class` [ RunTime:0.0020s ]
SQL: SELECT * FROM `ec_goods_class` WHERE `gc_parent_id` = '4'  [ RunTime:0.0010s ]
SQL: SHOW COLUMNS FROM `ec_goods_class` [ RunTime:0.0020s ]
SQL: SELECT * FROM `ec_goods_class` WHERE `gc_parent_id` = '2'  [ RunTime:0.0000s ]
SQL: SHOW COLUMNS FROM `ec_goods_class` [ RunTime:0.0020s ]
SQL: SELECT * FROM `ec_goods_class` WHERE `gc_parent_id` = '5'  [ RunTime:0.0010s ]
SQL: SHOW COLUMNS FROM `ec_goods_class` [ RunTime:0.0020s ]
SQL: SELECT * FROM `ec_goods_class` WHERE `gc_parent_id` = '6'  [ RunTime:0.0000s ]
SQL: SHOW COLUMNS FROM `ec_sold` [ RunTime:0.0030s ]
SQL: SELECT * FROM `ec_sold`  [ RunTime:0.0000s ]

[ 2016-03-15T16:50:58+08:00 ] ::1 /ec_website/index.php/Shop/Search/demo
INFO: [ app_init ] --START--
INFO: Run Behavior\BuildLiteBehavior [ RunTime:0.000000s ]
INFO: [ app_init ] --END-- [ RunTime:0.000000s ]
INFO: [ app_begin ] --START--
INFO: Run Behavior\ReadHtmlCacheBehavior [ RunTime:0.000000s ]
INFO: [ app_begin ] --END-- [ RunTime:0.000000s ]
NOTIC: [8] A session had already been started - ignoring session_start() D:\wamp\www\ec_website\ThinkPHP\Common\functions.php 第 1263 行.
SQL: SHOW COLUMNS FROM `ec_goods_class` [ RunTime:0.0020s ]
SQL: SELECT * FROM `ec_goods_class` WHERE ( gc_parent_id=0 )  [ RunTime:0.0000s ]
SQL: SHOW COLUMNS FROM `ec_goods_class` [ RunTime:0.0020s ]
SQL: SELECT * FROM `ec_goods_class` WHERE `gc_parent_id` = '1'  [ RunTime:0.0000s ]
SQL: SHOW COLUMNS FROM `ec_goods_class` [ RunTime:0.0020s ]
SQL: SELECT * FROM `ec_goods_class` WHERE `gc_parent_id` = '3'  [ RunTime:0.0010s ]
SQL: SHOW COLUMNS FROM `ec_goods_class` [ RunTime:0.0030s ]
SQL: SELECT * FROM `ec_goods_class` WHERE `gc_parent_id` = '4'  [ RunTime:0.0000s ]
SQL: SHOW COLUMNS FROM `ec_goods_class` [ RunTime:0.0030s ]
SQL: SELECT * FROM `ec_goods_class` WHERE `gc_parent_id` = '2'  [ RunTime:0.0000s ]
SQL: SHOW COLUMNS FROM `ec_goods_class` [ RunTime:0.0020s ]
SQL: SELECT * FROM `ec_goods_class` WHERE `gc_parent_id` = '5'  [ RunTime:0.0000s ]
SQL: SHOW COLUMNS FROM `ec_goods_class` [ RunTime:0.0020s ]
SQL: SELECT * FROM `ec_goods_class` WHERE `gc_parent_id` = '6'  [ RunTime:0.0000s ]
SQL: SHOW COLUMNS FROM `ec_evaluation` [ RunTime:0.0020s ]
SQL: SELECT * FROM `ec_evaluation`  [ RunTime:0.0000s ]

[ 2016-03-15T16:51:02+08:00 ] ::1 /ec_website/index.php/Shop/Search/demo
INFO: [ app_init ] --START--
INFO: Run Behavior\BuildLiteBehavior [ RunTime:0.000000s ]
INFO: [ app_init ] --END-- [ RunTime:0.001000s ]
INFO: [ app_begin ] --START--
INFO: Run Behavior\ReadHtmlCacheBehavior [ RunTime:0.000000s ]
INFO: [ app_begin ] --END-- [ RunTime:0.000000s ]
NOTIC: [8] A session had already been started - ignoring session_start() D:\wamp\www\ec_website\ThinkPHP\Common\functions.php 第 1263 行.
SQL: SHOW COLUMNS FROM `ec_goods_class` [ RunTime:0.0030s ]
SQL: SELECT * FROM `ec_goods_class` WHERE ( gc_parent_id=0 )  [ RunTime:0.0010s ]
SQL: SHOW COLUMNS FROM `ec_goods_class` [ RunTime:0.0020s ]
SQL: SELECT * FROM `ec_goods_class` WHERE `gc_parent_id` = '1'  [ RunTime:0.0000s ]
SQL: SHOW COLUMNS FROM `ec_goods_class` [ RunTime:0.0020s ]
SQL: SELECT * FROM `ec_goods_class` WHERE `gc_parent_id` = '3'  [ RunTime:0.0000s ]
SQL: SHOW COLUMNS FROM `ec_goods_class` [ RunTime:0.0020s ]
SQL: SELECT * FROM `ec_goods_class` WHERE `gc_parent_id` = '4'  [ RunTime:0.0000s ]
SQL: SHOW COLUMNS FROM `ec_goods_class` [ RunTime:0.0030s ]
SQL: SELECT * FROM `ec_goods_class` WHERE `gc_parent_id` = '2'  [ RunTime:0.0000s ]
SQL: SHOW COLUMNS FROM `ec_goods_class` [ RunTime:0.0020s ]
SQL: SELECT * FROM `ec_goods_class` WHERE `gc_parent_id` = '5'  [ RunTime:0.0000s ]
SQL: SHOW COLUMNS FROM `ec_goods_class` [ RunTime:0.0030s ]
SQL: SELECT * FROM `ec_goods_class` WHERE `gc_parent_id` = '6'  [ RunTime:0.0000s ]
SQL: SHOW COLUMNS FROM `ec_goods` [ RunTime:0.0020s ]
SQL: SELECT * FROM `ec_goods`  [ RunTime:0.0000s ]

