[ 2016-03-11T18:06:00+08:00 ] ::1 /ec_website/index.php/Shop/Goods/index/goods_id/1
INFO: [ app_init ] --START--
INFO: Run Behavior\BuildLiteBehavior [ RunTime:0.000000s ]
INFO: [ app_init ] --END-- [ RunTime:0.002000s ]
INFO: [ app_begin ] --START--
INFO: Run Behavior\ReadHtmlCacheBehavior [ RunTime:0.001000s ]
INFO: [ app_begin ] --END-- [ RunTime:0.001000s ]
NOTIC: [8] A session had already been started - ignoring session_start() D:\wamp\www\ec_website\ThinkPHP\Common\functions.php 第 1263 行.
SQL: SHOW COLUMNS FROM `ec_goods` [ RunTime:0.0130s ]
SQL: SELECT * FROM `ec_goods` WHERE `goods_id` = 1  [ RunTime:0.0020s ]
SQL: SHOW COLUMNS FROM `ec_discount` [ RunTime:0.0090s ]
SQL: SELECT * FROM `ec_discount` WHERE `start_time` < 1457690760 AND `end_time` > 1457690760 AND `status` = '1'  [ RunTime:0.0000s ]
NOTIC: [8] Undefined variable: pic_url D:\wamp\www\ec_website\Application\Common\Common\function.php 第 48 行.
NOTIC: [8] Undefined variable: pic_url D:\wamp\www\ec_website\Application\Common\Common\function.php 第 48 行.
SQL: SHOW COLUMNS FROM `ec_goods` [ RunTime:0.0050s ]
SQL: SELECT `gc_id` FROM `ec_goods` WHERE `goods_id` = 1  [ RunTime:0.0000s ]
SQL: SHOW COLUMNS FROM `ec_goods_class` [ RunTime:0.0090s ]
SQL: SELECT * FROM `ec_goods_class` WHERE ( gc_id=7 )  [ RunTime:0.0000s ]
SQL: SHOW COLUMNS FROM `ec_goods_class` [ RunTime:0.0050s ]
SQL: SELECT `gc_parent_id` FROM `ec_goods_class` WHERE ( gc_id=7 )  [ RunTime:0.0010s ]
NOTIC: [2] Missing argument 1 for Think\Model::field(), called in D:\wamp\www\ec_website\Application\Common\Model\GoodsClassModel.class.php on line 67 and defined D:\wamp\www\ec_website\ThinkPHP\Library\Think\Model.class.php 第 1740 行.
NOTIC: [8] Undefined variable: field D:\wamp\www\ec_website\ThinkPHP\Library\Think\Model.class.php 第 1741 行.
NOTIC: [8] Undefined variable: field D:\wamp\www\ec_website\ThinkPHP\Library\Think\Model.class.php 第 1751 行.
SQL: SHOW COLUMNS FROM `ec_goods_class` [ RunTime:0.0050s ]
SQL: SELECT * FROM `ec_goods_class` WHERE ( gc_id=3 )  [ RunTime:0.0000s ]
SQL: SHOW COLUMNS FROM `ec_goods_class` [ RunTime:0.0040s ]
SQL: SELECT `gc_parent_id` FROM `ec_goods_class` WHERE ( gc_id=3 )  [ RunTime:0.0000s ]
NOTIC: [2] Missing argument 1 for Think\Model::field(), called in D:\wamp\www\ec_website\Application\Common\Model\GoodsClassModel.class.php on line 67 and defined D:\wamp\www\ec_website\ThinkPHP\Library\Think\Model.class.php 第 1740 行.
NOTIC: [8] Undefined variable: field D:\wamp\www\ec_website\ThinkPHP\Library\Think\Model.class.php 第 1741 行.
NOTIC: [8] Undefined variable: field D:\wamp\www\ec_website\ThinkPHP\Library\Think\Model.class.php 第 1751 行.
SQL: SHOW COLUMNS FROM `ec_goods_class` [ RunTime:0.0050s ]
SQL: SELECT * FROM `ec_goods_class` WHERE ( gc_id=1 )  [ RunTime:0.0000s ]
INFO: [ view_parse ] --START--
INFO: [ template_filter ] --START--
INFO: Run Behavior\ContentReplaceBehavior [ RunTime:0.001000s ]
INFO: [ template_filter ] --END-- [ RunTime:0.001000s ]
INFO: Run Behavior\ParseTemplateBehavior [ RunTime:0.025001s ]
INFO: [ view_parse ] --END-- [ RunTime:0.025001s ]
INFO: [ view_filter ] --START--
INFO: Run Behavior\WriteHtmlCacheBehavior [ RunTime:0.001000s ]
INFO: [ view_filter ] --END-- [ RunTime:0.001000s ]
INFO: [ app_end ] --START--
INFO: Run Behavior\ShowPageTraceBehavior [ RunTime:0.002000s ]
INFO: [ app_end ] --END-- [ RunTime:0.002000s ]

