[ 2016-02-04T09:22:44+08:00 ] ::1 /ec_website/
INFO: [ app_init ] --START--
INFO: Run Behavior\BuildLiteBehavior [ RunTime:0.000000s ]
INFO: [ app_init ] --END-- [ RunTime:0.002000s ]
INFO: [ app_begin ] --START--
INFO: Run Behavior\ReadHtmlCacheBehavior [ RunTime:0.002000s ]
INFO: [ app_begin ] --END-- [ RunTime:0.003001s ]
NOTIC: [8] A session had already been started - ignoring session_start() D:\wamp\www\ec_website\ThinkPHP\Common\functions.php 第 1263 行.

[ 2016-02-04T09:22:44+08:00 ] ::1 /ec_website/index.php/Shop/Login/index
INFO: [ app_init ] --START--
INFO: Run Behavior\BuildLiteBehavior [ RunTime:0.000000s ]
INFO: [ app_init ] --END-- [ RunTime:0.001000s ]
INFO: [ app_begin ] --START--
INFO: Run Behavior\ReadHtmlCacheBehavior [ RunTime:0.001000s ]
INFO: [ app_begin ] --END-- [ RunTime:0.001000s ]
NOTIC: [8] A session had already been started - ignoring session_start() D:\wamp\www\ec_website\ThinkPHP\Common\functions.php 第 1263 行.
INFO: [ view_parse ] --START--
INFO: [ template_filter ] --START--
INFO: Run Behavior\ContentReplaceBehavior [ RunTime:0.001000s ]
INFO: [ template_filter ] --END-- [ RunTime:0.001000s ]
INFO: Run Behavior\ParseTemplateBehavior [ RunTime:0.013001s ]
INFO: [ view_parse ] --END-- [ RunTime:0.013001s ]
INFO: [ view_filter ] --START--
INFO: Run Behavior\WriteHtmlCacheBehavior [ RunTime:0.001000s ]
INFO: [ view_filter ] --END-- [ RunTime:0.001000s ]
INFO: [ app_end ] --START--
INFO: Run Behavior\ShowPageTraceBehavior [ RunTime:0.001000s ]
INFO: [ app_end ] --END-- [ RunTime:0.001000s ]

[ 2016-02-04T09:22:44+08:00 ] ::1 /ec_website/index.php/Shop/Common/getVerify
INFO: [ app_init ] --START--
INFO: Run Behavior\BuildLiteBehavior [ RunTime:0.000000s ]
INFO: [ app_init ] --END-- [ RunTime:0.002000s ]
INFO: [ app_begin ] --START--
INFO: Run Behavior\ReadHtmlCacheBehavior [ RunTime:0.001000s ]
INFO: [ app_begin ] --END-- [ RunTime:0.002000s ]
NOTIC: [8] A session had already been started - ignoring session_start() D:\wamp\www\ec_website\ThinkPHP\Common\functions.php 第 1263 行.
INFO: [ app_end ] --START--
INFO: Run Behavior\ShowPageTraceBehavior [ RunTime:0.002000s ]
INFO: [ app_end ] --END-- [ RunTime:0.002000s ]

[ 2016-02-04T10:31:53+08:00 ] ::1 /ec_website/index.php/Shop/Index/demo
INFO: [ app_init ] --START--
INFO: Run Behavior\BuildLiteBehavior [ RunTime:0.000000s ]
INFO: [ app_init ] --END-- [ RunTime:0.001000s ]
INFO: [ app_begin ] --START--
INFO: Run Behavior\ReadHtmlCacheBehavior [ RunTime:0.002000s ]
INFO: [ app_begin ] --END-- [ RunTime:0.002000s ]
NOTIC: [8] A session had already been started - ignoring session_start() D:\wamp\www\ec_website\ThinkPHP\Common\functions.php 第 1263 行.
SQL: SHOW COLUMNS FROM `ec_goods_class` [ RunTime:0.0050s ]
ERR: Think\Model:getAllGoodsClass方法不存在！

[ 2016-02-04T10:32:28+08:00 ] ::1 /ec_website/index.php/Shop/Index/demo
INFO: [ app_init ] --START--
INFO: Run Behavior\BuildLiteBehavior [ RunTime:0.000000s ]
INFO: [ app_init ] --END-- [ RunTime:0.001000s ]
INFO: [ app_begin ] --START--
INFO: Run Behavior\ReadHtmlCacheBehavior [ RunTime:0.002001s ]
INFO: [ app_begin ] --END-- [ RunTime:0.002001s ]
NOTIC: [8] A session had already been started - ignoring session_start() D:\wamp\www\ec_website\ThinkPHP\Common\functions.php 第 1263 行.
SQL: SHOW COLUMNS FROM `ec_goods_class` [ RunTime:0.0050s ]
SQL: SELECT * FROM `ec_goods_class` WHERE ( gc_parent_id=0 )  [ RunTime:0.0000s ]

[ 2016-02-04T10:35:20+08:00 ] ::1 /ec_website/index.php/Shop/Index/demo
INFO: [ app_init ] --START--
INFO: Run Behavior\BuildLiteBehavior [ RunTime:0.000000s ]
INFO: [ app_init ] --END-- [ RunTime:0.001000s ]
INFO: [ app_begin ] --START--
INFO: Run Behavior\ReadHtmlCacheBehavior [ RunTime:0.002000s ]
INFO: [ app_begin ] --END-- [ RunTime:0.002000s ]
NOTIC: [8] A session had already been started - ignoring session_start() D:\wamp\www\ec_website\ThinkPHP\Common\functions.php 第 1263 行.
SQL: SHOW COLUMNS FROM `ec_goods_class` [ RunTime:0.0050s ]
SQL: SELECT * FROM `ec_goods_class` WHERE ( gc_parent_id=0 )  [ RunTime:0.0000s ]
SQL: SHOW COLUMNS FROM `ec_goods_class` [ RunTime:0.0050s ]
SQL: SELECT * FROM `ec_goods_class` WHERE `gc_parent_id` = '1'  [ RunTime:0.0000s ]
SQL: SHOW COLUMNS FROM `ec_goods_class` [ RunTime:0.0040s ]
SQL: SELECT * FROM `ec_goods_class` WHERE `gc_parent_id` = '2'  [ RunTime:0.0000s ]

[ 2016-02-04T10:35:36+08:00 ] ::1 /ec_website/index.php/Shop/Index/demo
INFO: [ app_init ] --START--
INFO: Run Behavior\BuildLiteBehavior [ RunTime:0.000000s ]
INFO: [ app_init ] --END-- [ RunTime:0.001000s ]
INFO: [ app_begin ] --START--
INFO: Run Behavior\ReadHtmlCacheBehavior [ RunTime:0.001000s ]
INFO: [ app_begin ] --END-- [ RunTime:0.001000s ]
NOTIC: [8] A session had already been started - ignoring session_start() D:\wamp\www\ec_website\ThinkPHP\Common\functions.php 第 1263 行.
SQL: SHOW COLUMNS FROM `ec_goods_class` [ RunTime:0.0040s ]
SQL: SELECT * FROM `ec_goods_class` WHERE ( gc_parent_id=0 )  [ RunTime:0.0000s ]
SQL: SHOW COLUMNS FROM `ec_goods_class` [ RunTime:0.0050s ]
SQL: SELECT * FROM `ec_goods_class` WHERE `gc_parent_id` = '1'  [ RunTime:0.0000s ]
SQL: SHOW COLUMNS FROM `ec_goods_class` [ RunTime:0.0040s ]
SQL: SELECT * FROM `ec_goods_class` WHERE `gc_parent_id` = '2'  [ RunTime:0.0000s ]

[ 2016-02-04T10:37:34+08:00 ] ::1 /ec_website/index.php/Shop/Index/demo
INFO: [ app_init ] --START--
INFO: Run Behavior\BuildLiteBehavior [ RunTime:0.000000s ]
INFO: [ app_init ] --END-- [ RunTime:0.001000s ]
INFO: [ app_begin ] --START--
INFO: Run Behavior\ReadHtmlCacheBehavior [ RunTime:0.001000s ]
INFO: [ app_begin ] --END-- [ RunTime:0.001000s ]
NOTIC: [8] A session had already been started - ignoring session_start() D:\wamp\www\ec_website\ThinkPHP\Common\functions.php 第 1263 行.
SQL: SHOW COLUMNS FROM `ec_goods_class` [ RunTime:0.0040s ]
SQL: SELECT * FROM `ec_goods_class` WHERE ( gc_parent_id=0 )  [ RunTime:0.0000s ]
SQL: SHOW COLUMNS FROM `ec_goods_class` [ RunTime:0.0050s ]
SQL: SELECT * FROM `ec_goods_class` WHERE `gc_parent_id` = '1'  [ RunTime:0.0000s ]
SQL: SHOW COLUMNS FROM `ec_goods_class` [ RunTime:0.0040s ]
SQL: SELECT * FROM `ec_goods_class` WHERE `gc_parent_id` = '2'  [ RunTime:0.0000s ]

[ 2016-02-04T10:37:47+08:00 ] ::1 /ec_website/index.php/Shop/Index/demo
INFO: [ app_init ] --START--
INFO: Run Behavior\BuildLiteBehavior [ RunTime:0.000000s ]
INFO: [ app_init ] --END-- [ RunTime:0.001000s ]
INFO: [ app_begin ] --START--
INFO: Run Behavior\ReadHtmlCacheBehavior [ RunTime:0.002000s ]
INFO: [ app_begin ] --END-- [ RunTime:0.002000s ]
NOTIC: [8] A session had already been started - ignoring session_start() D:\wamp\www\ec_website\ThinkPHP\Common\functions.php 第 1263 行.
SQL: SHOW COLUMNS FROM `ec_goods_class` [ RunTime:0.0040s ]
SQL: SELECT * FROM `ec_goods_class` WHERE ( gc_parent_id=0 )  [ RunTime:0.0000s ]
SQL: SHOW COLUMNS FROM `ec_goods_class` [ RunTime:0.0050s ]
SQL: SELECT * FROM `ec_goods_class` WHERE `gc_parent_id` = '1'  [ RunTime:0.0010s ]
SQL: SHOW COLUMNS FROM `ec_goods_class` [ RunTime:0.0040s ]
SQL: SELECT * FROM `ec_goods_class` WHERE `gc_parent_id` = '2'  [ RunTime:0.0000s ]

[ 2016-02-04T10:40:35+08:00 ] ::1 /ec_website/index.php/Shop/Index/demo
INFO: [ app_init ] --START--
INFO: Run Behavior\BuildLiteBehavior [ RunTime:0.000000s ]
INFO: [ app_init ] --END-- [ RunTime:0.000000s ]
INFO: [ app_begin ] --START--
INFO: Run Behavior\ReadHtmlCacheBehavior [ RunTime:0.001000s ]
INFO: [ app_begin ] --END-- [ RunTime:0.001000s ]
NOTIC: [8] A session had already been started - ignoring session_start() D:\wamp\www\ec_website\ThinkPHP\Common\functions.php 第 1263 行.
SQL: SHOW COLUMNS FROM `ec_goods_class` [ RunTime:0.0040s ]
SQL: SELECT * FROM `ec_goods_class` WHERE ( gc_parent_id=0 )  [ RunTime:0.0000s ]
SQL: SHOW COLUMNS FROM `ec_goods_class` [ RunTime:0.0050s ]
SQL: SELECT * FROM `ec_goods_class` WHERE `gc_parent_id` = '1'  [ RunTime:0.0010s ]
SQL: SHOW COLUMNS FROM `ec_goods_class` [ RunTime:0.0040s ]
SQL: SELECT * FROM `ec_goods_class` WHERE `gc_parent_id` = '2'  [ RunTime:0.0000s ]

[ 2016-02-04T10:42:55+08:00 ] ::1 /ec_website/index.php/Shop/Index/demo
INFO: [ app_init ] --START--
INFO: Run Behavior\BuildLiteBehavior [ RunTime:0.000000s ]
INFO: [ app_init ] --END-- [ RunTime:0.001000s ]
INFO: [ app_begin ] --START--
INFO: Run Behavior\ReadHtmlCacheBehavior [ RunTime:0.001000s ]
INFO: [ app_begin ] --END-- [ RunTime:0.001000s ]
NOTIC: [8] A session had already been started - ignoring session_start() D:\wamp\www\ec_website\ThinkPHP\Common\functions.php 第 1263 行.
SQL: SHOW COLUMNS FROM `ec_goods_class` [ RunTime:0.0050s ]
SQL: SELECT * FROM `ec_goods_class` WHERE ( gc_parent_id=0 )  [ RunTime:0.0000s ]
SQL: SHOW COLUMNS FROM `ec_goods_class` [ RunTime:0.0050s ]
SQL: SELECT * FROM `ec_goods_class` WHERE `gc_parent_id` = '1'  [ RunTime:0.0000s ]
SQL: SHOW COLUMNS FROM `ec_goods_class` [ RunTime:0.0050s ]
SQL: SELECT * FROM `ec_goods_class` WHERE `gc_parent_id` = '3'  [ RunTime:0.0000s ]
SQL: SHOW COLUMNS FROM `ec_goods_class` [ RunTime:0.0040s ]
SQL: SELECT * FROM `ec_goods_class` WHERE `gc_parent_id` = '4'  [ RunTime:0.0010s ]
SQL: SHOW COLUMNS FROM `ec_goods_class` [ RunTime:0.0050s ]
SQL: SELECT * FROM `ec_goods_class` WHERE `gc_parent_id` = '2'  [ RunTime:0.0010s ]
SQL: SHOW COLUMNS FROM `ec_goods_class` [ RunTime:0.0040s ]
SQL: SELECT * FROM `ec_goods_class` WHERE `gc_parent_id` = '5'  [ RunTime:0.0010s ]
SQL: SHOW COLUMNS FROM `ec_goods_class` [ RunTime:0.0040s ]
SQL: SELECT * FROM `ec_goods_class` WHERE `gc_parent_id` = '6'  [ RunTime:0.0010s ]

[ 2016-02-04T10:43:26+08:00 ] ::1 /ec_website/index.php/Shop/Index/demo
INFO: [ app_init ] --START--
INFO: Run Behavior\BuildLiteBehavior [ RunTime:0.000000s ]
INFO: [ app_init ] --END-- [ RunTime:0.001000s ]
INFO: [ app_begin ] --START--
INFO: Run Behavior\ReadHtmlCacheBehavior [ RunTime:0.001000s ]
INFO: [ app_begin ] --END-- [ RunTime:0.001000s ]
NOTIC: [8] A session had already been started - ignoring session_start() D:\wamp\www\ec_website\ThinkPHP\Common\functions.php 第 1263 行.
SQL: SHOW COLUMNS FROM `ec_goods_class` [ RunTime:0.0040s ]
SQL: SELECT * FROM `ec_goods_class` WHERE ( gc_parent_id=0 )  [ RunTime:0.0000s ]
SQL: SHOW COLUMNS FROM `ec_goods_class` [ RunTime:0.0040s ]
SQL: SELECT * FROM `ec_goods_class` WHERE `gc_parent_id` = '1'  [ RunTime:0.0000s ]
SQL: SHOW COLUMNS FROM `ec_goods_class` [ RunTime:0.0040s ]
SQL: SELECT * FROM `ec_goods_class` WHERE `gc_parent_id` = '3'  [ RunTime:0.0000s ]
SQL: SHOW COLUMNS FROM `ec_goods_class` [ RunTime:0.0040s ]
SQL: SELECT * FROM `ec_goods_class` WHERE `gc_parent_id` = '4'  [ RunTime:0.0010s ]
SQL: SHOW COLUMNS FROM `ec_goods_class` [ RunTime:0.0050s ]
SQL: SELECT * FROM `ec_goods_class` WHERE `gc_parent_id` = '2'  [ RunTime:0.0010s ]
SQL: SHOW COLUMNS FROM `ec_goods_class` [ RunTime:0.0040s ]
SQL: SELECT * FROM `ec_goods_class` WHERE `gc_parent_id` = '5'  [ RunTime:0.0000s ]
SQL: SHOW COLUMNS FROM `ec_goods_class` [ RunTime:0.0040s ]
SQL: SELECT * FROM `ec_goods_class` WHERE `gc_parent_id` = '6'  [ RunTime:0.0000s ]

[ 2016-02-04T10:43:29+08:00 ] ::1 /ec_website/index.php/Shop/Index/demo
INFO: [ app_init ] --START--
INFO: Run Behavior\BuildLiteBehavior [ RunTime:0.000000s ]
INFO: [ app_init ] --END-- [ RunTime:0.001000s ]
INFO: [ app_begin ] --START--
INFO: Run Behavior\ReadHtmlCacheBehavior [ RunTime:0.000000s ]
INFO: [ app_begin ] --END-- [ RunTime:0.001000s ]
NOTIC: [8] A session had already been started - ignoring session_start() D:\wamp\www\ec_website\ThinkPHP\Common\functions.php 第 1263 行.
SQL: SHOW COLUMNS FROM `ec_goods_class` [ RunTime:0.0050s ]
SQL: SELECT * FROM `ec_goods_class` WHERE ( gc_parent_id=0 )  [ RunTime:0.0000s ]
SQL: SHOW COLUMNS FROM `ec_goods_class` [ RunTime:0.0050s ]
SQL: SELECT * FROM `ec_goods_class` WHERE `gc_parent_id` = '1'  [ RunTime:0.0000s ]
SQL: SHOW COLUMNS FROM `ec_goods_class` [ RunTime:0.0040s ]
SQL: SELECT * FROM `ec_goods_class` WHERE `gc_parent_id` = '3'  [ RunTime:0.0000s ]
SQL: SHOW COLUMNS FROM `ec_goods_class` [ RunTime:0.0050s ]
SQL: SELECT * FROM `ec_goods_class` WHERE `gc_parent_id` = '4'  [ RunTime:0.0000s ]
SQL: SHOW COLUMNS FROM `ec_goods_class` [ RunTime:0.0040s ]
SQL: SELECT * FROM `ec_goods_class` WHERE `gc_parent_id` = '2'  [ RunTime:0.0000s ]
SQL: SHOW COLUMNS FROM `ec_goods_class` [ RunTime:0.0060s ]
SQL: SELECT * FROM `ec_goods_class` WHERE `gc_parent_id` = '5'  [ RunTime:0.0000s ]
SQL: SHOW COLUMNS FROM `ec_goods_class` [ RunTime:0.0040s ]
SQL: SELECT * FROM `ec_goods_class` WHERE `gc_parent_id` = '6'  [ RunTime:0.0000s ]

[ 2016-02-04T10:43:35+08:00 ] ::1 /ec_website/index.php/Shop/Index/demo
INFO: [ app_init ] --START--
INFO: Run Behavior\BuildLiteBehavior [ RunTime:0.000000s ]
INFO: [ app_init ] --END-- [ RunTime:0.001000s ]
INFO: [ app_begin ] --START--
INFO: Run Behavior\ReadHtmlCacheBehavior [ RunTime:0.001000s ]
INFO: [ app_begin ] --END-- [ RunTime:0.001000s ]
NOTIC: [8] A session had already been started - ignoring session_start() D:\wamp\www\ec_website\ThinkPHP\Common\functions.php 第 1263 行.
SQL: SHOW COLUMNS FROM `ec_goods_class` [ RunTime:0.0050s ]
SQL: SELECT * FROM `ec_goods_class` WHERE ( gc_parent_id=0 )  [ RunTime:0.0000s ]
SQL: SHOW COLUMNS FROM `ec_goods_class` [ RunTime:0.0040s ]
SQL: SELECT * FROM `ec_goods_class` WHERE `gc_parent_id` = '1'  [ RunTime:0.0000s ]
SQL: SHOW COLUMNS FROM `ec_goods_class` [ RunTime:0.0060s ]
SQL: SELECT * FROM `ec_goods_class` WHERE `gc_parent_id` = '3'  [ RunTime:0.0010s ]
SQL: SHOW COLUMNS FROM `ec_goods_class` [ RunTime:0.0040s ]
SQL: SELECT * FROM `ec_goods_class` WHERE `gc_parent_id` = '4'  [ RunTime:0.0010s ]
SQL: SHOW COLUMNS FROM `ec_goods_class` [ RunTime:0.0040s ]
SQL: SELECT * FROM `ec_goods_class` WHERE `gc_parent_id` = '2'  [ RunTime:0.0010s ]
SQL: SHOW COLUMNS FROM `ec_goods_class` [ RunTime:0.0050s ]
SQL: SELECT * FROM `ec_goods_class` WHERE `gc_parent_id` = '5'  [ RunTime:0.0010s ]
SQL: SHOW COLUMNS FROM `ec_goods_class` [ RunTime:0.0040s ]
SQL: SELECT * FROM `ec_goods_class` WHERE `gc_parent_id` = '6'  [ RunTime:0.0000s ]

[ 2016-02-04T10:44:34+08:00 ] ::1 /ec_website/index.php/Shop/Index/demo
INFO: [ app_init ] --START--
INFO: Run Behavior\BuildLiteBehavior [ RunTime:0.000000s ]
INFO: [ app_init ] --END-- [ RunTime:0.001000s ]
INFO: [ app_begin ] --START--
INFO: Run Behavior\ReadHtmlCacheBehavior [ RunTime:0.001000s ]
INFO: [ app_begin ] --END-- [ RunTime:0.001000s ]
NOTIC: [8] A session had already been started - ignoring session_start() D:\wamp\www\ec_website\ThinkPHP\Common\functions.php 第 1263 行.
SQL: SHOW COLUMNS FROM `ec_goods_class` [ RunTime:0.0040s ]
SQL: SELECT * FROM `ec_goods_class` WHERE ( gc_parent_id=0 )  [ RunTime:0.0000s ]
SQL: SHOW COLUMNS FROM `ec_goods_class` [ RunTime:0.0040s ]
SQL: SELECT * FROM `ec_goods_class` WHERE `gc_parent_id` = '1'  [ RunTime:0.0000s ]
SQL: SHOW COLUMNS FROM `ec_goods_class` [ RunTime:0.0040s ]
SQL: SELECT * FROM `ec_goods_class` WHERE `gc_parent_id` = '3'  [ RunTime:0.0000s ]
SQL: SHOW COLUMNS FROM `ec_goods_class` [ RunTime:0.0050s ]
SQL: SELECT * FROM `ec_goods_class` WHERE `gc_parent_id` = '4'  [ RunTime:0.0000s ]
SQL: SHOW COLUMNS FROM `ec_goods_class` [ RunTime:0.0040s ]
SQL: SELECT * FROM `ec_goods_class` WHERE `gc_parent_id` = '2'  [ RunTime:0.0000s ]
SQL: SHOW COLUMNS FROM `ec_goods_class` [ RunTime:0.0050s ]
SQL: SELECT * FROM `ec_goods_class` WHERE `gc_parent_id` = '5'  [ RunTime:0.0010s ]
SQL: SHOW COLUMNS FROM `ec_goods_class` [ RunTime:0.0040s ]
SQL: SELECT * FROM `ec_goods_class` WHERE `gc_parent_id` = '6'  [ RunTime:0.0010s ]

[ 2016-02-04T10:45:33+08:00 ] ::1 /ec_website/index.php/Shop/Index/demo
INFO: [ app_init ] --START--
INFO: Run Behavior\BuildLiteBehavior [ RunTime:0.000000s ]
INFO: [ app_init ] --END-- [ RunTime:0.001000s ]
INFO: [ app_begin ] --START--
INFO: Run Behavior\ReadHtmlCacheBehavior [ RunTime:0.001000s ]
INFO: [ app_begin ] --END-- [ RunTime:0.002000s ]
NOTIC: [8] A session had already been started - ignoring session_start() D:\wamp\www\ec_website\ThinkPHP\Common\functions.php 第 1263 行.
SQL: SHOW COLUMNS FROM `ec_goods_class` [ RunTime:0.0040s ]
SQL: SELECT * FROM `ec_goods_class` WHERE ( gc_parent_id=0 )  [ RunTime:0.0000s ]
SQL: SHOW COLUMNS FROM `ec_goods_class` [ RunTime:0.0040s ]
SQL: SELECT * FROM `ec_goods_class` WHERE `gc_parent_id` = '1'  [ RunTime:0.0000s ]
SQL: SHOW COLUMNS FROM `ec_goods_class` [ RunTime:0.0050s ]
SQL: SELECT * FROM `ec_goods_class` WHERE `gc_parent_id` = '2'  [ RunTime:0.0000s ]

[ 2016-02-04T10:48:48+08:00 ] ::1 /ec_website/index.php/Shop/Index/demo
INFO: [ app_init ] --START--
INFO: Run Behavior\BuildLiteBehavior [ RunTime:0.000000s ]
INFO: [ app_init ] --END-- [ RunTime:0.001000s ]
INFO: [ app_begin ] --START--
INFO: Run Behavior\ReadHtmlCacheBehavior [ RunTime:0.001000s ]
INFO: [ app_begin ] --END-- [ RunTime:0.001000s ]
NOTIC: [8] A session had already been started - ignoring session_start() D:\wamp\www\ec_website\ThinkPHP\Common\functions.php 第 1263 行.
SQL: SHOW COLUMNS FROM `ec_goods_class` [ RunTime:0.0050s ]
SQL: SELECT * FROM `ec_goods_class` WHERE ( gc_parent_id=0 )  [ RunTime:0.0000s ]
SQL: SHOW COLUMNS FROM `ec_goods_class` [ RunTime:0.0050s ]
SQL: SELECT * FROM `ec_goods_class` WHERE `gc_parent_id` = '1'  [ RunTime:0.0000s ]
SQL: SHOW COLUMNS FROM `ec_goods_class` [ RunTime:0.0040s ]
SQL: SELECT * FROM `ec_goods_class` WHERE `gc_parent_id` = '3'  [ RunTime:0.0000s ]
SQL: SHOW COLUMNS FROM `ec_goods_class` [ RunTime:0.0040s ]
SQL: SELECT * FROM `ec_goods_class` WHERE `gc_parent_id` = '4'  [ RunTime:0.0000s ]
SQL: SHOW COLUMNS FROM `ec_goods_class` [ RunTime:0.0040s ]
SQL: SELECT * FROM `ec_goods_class` WHERE `gc_parent_id` = '2'  [ RunTime:0.0010s ]
SQL: SHOW COLUMNS FROM `ec_goods_class` [ RunTime:0.0040s ]
SQL: SELECT * FROM `ec_goods_class` WHERE `gc_parent_id` = '5'  [ RunTime:0.0000s ]
SQL: SHOW COLUMNS FROM `ec_goods_class` [ RunTime:0.0050s ]
SQL: SELECT * FROM `ec_goods_class` WHERE `gc_parent_id` = '6'  [ RunTime:0.0010s ]

